December  6 2022  11:33:23.690 AM
 
FEM2D_HEAT
  FORTRAN90 version:
 
  Solution of the time dependent heat equation
  on a unit box in 2 dimensions.
 
  Ut - Uxx - Uyy = F(x,y,t) in the box
        U(x,y,t) = G(x,y,t) for (x,y) on the boundary.
        U(x,y,t) = H(x,y,t) for t = T_INIT.
 
  The finite element method is used, with piecewise
  quadratic basis functions on 6 node triangular
  elements.
 
  The backward Euler formula is used for 
  the time derivative.
 
  The corner nodes of the triangles are generated by an
  underlying grid whose dimensions are
 
  NX =                              100
  NY =                              100
 
  Number of nodes =               39601
  Number of elements =            19602
  The matrix half bandwidth is      398
  The matrix row size is           1195
 
FEM2D_HEAT:
  Wrote an ASCII node file
    "nodes.txt"
  of the form
    X(I), Y(I)
  which can be used for plotting.
 
FEM2D_HEAT:
  Wrote an ASCII element file
    "elements.txt"
  of the form
    Node(1) Node(2) Node(3) Node(4) Node(5) Node(6)
  which can be used for plotting.
 slice is                    1 for input1                                                                                                                               
 
  Initial time =   0.200000    
  Final time =      2.20000    
  Step size =      0.100000    
  Number of steps =       20
 
     Time        L2 Error       H1 Error
 
  0.300000      0.972338E-03  0.432309E-02
  0.400000      0.909715E-03  0.404447E-02
  0.500000      0.833201E-03  0.370424E-02
  0.600000      0.757293E-03  0.336675E-02
  0.700000      0.686364E-03  0.305141E-02
  0.800000      0.621430E-03  0.276273E-02
  0.900000      0.562422E-03  0.250039E-02
   1.00000      0.508943E-03  0.226264E-02
   1.10000      0.460526E-03  0.204739E-02
   1.20000      0.416706E-03  0.185257E-02
   1.30000      0.377052E-03  0.167628E-02
   1.40000      0.341172E-03  0.151677E-02
   1.50000      0.308705E-03  0.137243E-02
   1.60000      0.279328E-03  0.124182E-02
   1.70000      0.252746E-03  0.112365E-02
   1.80000      0.228694E-03  0.101672E-02
   1.90000      0.206931E-03  0.919967E-03
   2.00000      0.187239E-03  0.832420E-03
   2.10000      0.169421E-03  0.753205E-03
   2.20000      0.153298E-03  0.681528E-03
 
FEM2D_HEAT:
  Normal end of execution.
 
December  6 2022  11:38:43.235 AM
 Time for run is   318.79343700000004     
