December  6 2022  11:40:39.270 AM
 
FEM2D_HEAT
  FORTRAN90 version:
 
  Solution of the time dependent heat equation
  on a unit box in 2 dimensions.
 
  Ut - Uxx - Uyy = F(x,y,t) in the box
        U(x,y,t) = G(x,y,t) for (x,y) on the boundary.
        U(x,y,t) = H(x,y,t) for t = T_INIT.
 
  The finite element method is used, with piecewise
  quadratic basis functions on 6 node triangular
  elements.
 
  The backward Euler formula is used for 
  the time derivative.
 
  The corner nodes of the triangles are generated by an
  underlying grid whose dimensions are
 
  NX =                              100
  NY =                              100
 
  Number of nodes =               39601
  Number of elements =            19602
  The matrix half bandwidth is      398
  The matrix row size is           1195
 
FEM2D_HEAT:
  Wrote an ASCII node file
    "nodes.txt"
  of the form
    X(I), Y(I)
  which can be used for plotting.
 
FEM2D_HEAT:
  Wrote an ASCII element file
    "elements.txt"
  of the form
    Node(1) Node(2) Node(3) Node(4) Node(5) Node(6)
  which can be used for plotting.
 slice is                    2 for input2                                                                                                                               
 
  Initial time =    2.20000    
  Final time =      4.20000    
  Step size =      0.100000    
  Number of steps =       20
 
     Time        L2 Error       H1 Error
 
   2.30000      0.138710E-03  0.616671E-03
   2.40000      0.125510E-03  0.557988E-03
   2.50000      0.113566E-03  0.504888E-03
   2.60000      0.102759E-03  0.456842E-03
   2.70000      0.929802E-04  0.413368E-03
   2.80000      0.841320E-04  0.374031E-03
   2.90000      0.761258E-04  0.338437E-03
   3.00000      0.688815E-04  0.306230E-03
   3.10000      0.623265E-04  0.277089E-03
   3.20000      0.563954E-04  0.250720E-03
   3.30000      0.510286E-04  0.226861E-03
   3.40000      0.461726E-04  0.205272E-03
   3.50000      0.417787E-04  0.185738E-03
   3.60000      0.378029E-04  0.168063E-03
   3.70000      0.342055E-04  0.152069E-03
   3.80000      0.309504E-04  0.137598E-03
   3.90000      0.280051E-04  0.124504E-03
   4.00000      0.253401E-04  0.112656E-03
   4.10000      0.229286E-04  0.101935E-03
   4.20000      0.207467E-04  0.922348E-04
 
FEM2D_HEAT:
  Normal end of execution.
 
December  6 2022  11:46:00.841 AM
 Time for run is   320.59124000000003     
