The system is: Linux - 3.10.0-514.26.1.el7.x86_64 - x86_64
Compiling the C compiler identification source file "CMakeCCompilerId.c" succeeded.
Compiler: /bin/cc 
Build flags: 
Id flags: 

The output was:
0


Compilation of the C compiler identification source "CMakeCCompilerId.c" produced "a.out"

The C compiler identification is GNU, found in "/home/dsamadd/ipsframework-code/build/CMakeFiles/2.8.12.2/CompilerIdC/a.out"

Compiling the CXX compiler identification source file "CMakeCXXCompilerId.cpp" succeeded.
Compiler: /bin/c++ 
Build flags: 
Id flags: 

The output was:
0


Compilation of the CXX compiler identification source "CMakeCXXCompilerId.cpp" produced "a.out"

The CXX compiler identification is GNU, found in "/home/dsamadd/ipsframework-code/build/CMakeFiles/2.8.12.2/CompilerIdCXX/a.out"

Determining if the C compiler works passed with the following output:
Change Dir: /home/dsamadd/ipsframework-code/build/CMakeFiles/CMakeTmp

Run Build Command:/bin/gmake "cmTryCompileExec566130550/fast"
/bin/gmake -f CMakeFiles/cmTryCompileExec566130550.dir/build.make CMakeFiles/cmTryCompileExec566130550.dir/build
gmake[1]: Entering directory `/home/dsamadd/ipsframework-code/build/CMakeFiles/CMakeTmp'
/usr/bin/cmake -E cmake_progress_report /home/dsamadd/ipsframework-code/build/CMakeFiles/CMakeTmp/CMakeFiles 1
Building C object CMakeFiles/cmTryCompileExec566130550.dir/testCCompiler.c.o
/bin/cc    -o CMakeFiles/cmTryCompileExec566130550.dir/testCCompiler.c.o   -c /home/dsamadd/ipsframework-code/build/CMakeFiles/CMakeTmp/testCCompiler.c
Linking C executable cmTryCompileExec566130550
/usr/bin/cmake -E cmake_link_script CMakeFiles/cmTryCompileExec566130550.dir/link.txt --verbose=1
/bin/cc       CMakeFiles/cmTryCompileExec566130550.dir/testCCompiler.c.o  -o cmTryCompileExec566130550 -rdynamic 
gmake[1]: Leaving directory `/home/dsamadd/ipsframework-code/build/CMakeFiles/CMakeTmp'


Detecting C compiler ABI info compiled with the following output:
Change Dir: /home/dsamadd/ipsframework-code/build/CMakeFiles/CMakeTmp

Run Build Command:/bin/gmake "cmTryCompileExec694079022/fast"
/bin/gmake -f CMakeFiles/cmTryCompileExec694079022.dir/build.make CMakeFiles/cmTryCompileExec694079022.dir/build
gmake[1]: Entering directory `/home/dsamadd/ipsframework-code/build/CMakeFiles/CMakeTmp'
/usr/bin/cmake -E cmake_progress_report /home/dsamadd/ipsframework-code/build/CMakeFiles/CMakeTmp/CMakeFiles 1
Building C object CMakeFiles/cmTryCompileExec694079022.dir/CMakeCCompilerABI.c.o
/bin/cc    -o CMakeFiles/cmTryCompileExec694079022.dir/CMakeCCompilerABI.c.o   -c /usr/share/cmake/Modules/CMakeCCompilerABI.c
Linking C executable cmTryCompileExec694079022
/usr/bin/cmake -E cmake_link_script CMakeFiles/cmTryCompileExec694079022.dir/link.txt --verbose=1
/bin/cc     -v CMakeFiles/cmTryCompileExec694079022.dir/CMakeCCompilerABI.c.o  -o cmTryCompileExec694079022 -rdynamic  
Using built-in specs.
COLLECT_GCC=/bin/cc
COLLECT_LTO_WRAPPER=/usr/libexec/gcc/x86_64-redhat-linux/4.8.5/lto-wrapper
Target: x86_64-redhat-linux
Configured with: ../configure --prefix=/usr --mandir=/usr/share/man --infodir=/usr/share/info --with-bugurl=http://bugzilla.redhat.com/bugzilla --enable-bootstrap --enable-shared --enable-threads=posix --enable-checking=release --with-system-zlib --enable-__cxa_atexit --disable-libunwind-exceptions --enable-gnu-unique-object --enable-linker-build-id --with-linker-hash-style=gnu --enable-languages=c,c++,objc,obj-c++,java,fortran,ada,go,lto --enable-plugin --enable-initfini-array --disable-libgcj --with-isl=/builddir/build/BUILD/gcc-4.8.5-20150702/obj-x86_64-redhat-linux/isl-install --with-cloog=/builddir/build/BUILD/gcc-4.8.5-20150702/obj-x86_64-redhat-linux/cloog-install --enable-gnu-indirect-function --with-tune=generic --with-arch_32=x86-64 --build=x86_64-redhat-linux
Thread model: posix
gcc version 4.8.5 20150623 (Red Hat 4.8.5-11) (GCC) 
COMPILER_PATH=/usr/libexec/gcc/x86_64-redhat-linux/4.8.5/:/usr/libexec/gcc/x86_64-redhat-linux/4.8.5/:/usr/libexec/gcc/x86_64-redhat-linux/:/usr/lib/gcc/x86_64-redhat-linux/4.8.5/:/usr/lib/gcc/x86_64-redhat-linux/
LIBRARY_PATH=/usr/lib/gcc/x86_64-redhat-linux/4.8.5/:/usr/lib/gcc/x86_64-redhat-linux/4.8.5/../../../../lib64/:/lib/../lib64/:/usr/lib/../lib64/:/usr/local/depot/ipx-1.0.2/lib/:/usr/local/lib/:/usr/lib/gcc/x86_64-redhat-linux/4.8.5/../../../:/lib/:/usr/lib/
COLLECT_GCC_OPTIONS='-v' '-o' 'cmTryCompileExec694079022' '-rdynamic' '-mtune=generic' '-march=x86-64'
 /usr/libexec/gcc/x86_64-redhat-linux/4.8.5/collect2 --build-id --no-add-needed --eh-frame-hdr --hash-style=gnu -m elf_x86_64 -export-dynamic -dynamic-linker /lib64/ld-linux-x86-64.so.2 -o cmTryCompileExec694079022 /usr/lib/gcc/x86_64-redhat-linux/4.8.5/../../../../lib64/crt1.o /usr/lib/gcc/x86_64-redhat-linux/4.8.5/../../../../lib64/crti.o /usr/lib/gcc/x86_64-redhat-linux/4.8.5/crtbegin.o -L/usr/lib/gcc/x86_64-redhat-linux/4.8.5 -L/usr/lib/gcc/x86_64-redhat-linux/4.8.5/../../../../lib64 -L/lib/../lib64 -L/usr/lib/../lib64 -L/usr/local/depot/ipx-1.0.2/lib -L/usr/local/lib -L/usr/lib/gcc/x86_64-redhat-linux/4.8.5/../../.. CMakeFiles/cmTryCompileExec694079022.dir/CMakeCCompilerABI.c.o -lgcc --as-needed -lgcc_s --no-as-needed -lc -lgcc --as-needed -lgcc_s --no-as-needed /usr/lib/gcc/x86_64-redhat-linux/4.8.5/crtend.o /usr/lib/gcc/x86_64-redhat-linux/4.8.5/../../../../lib64/crtn.o
gmake[1]: Leaving directory `/home/dsamadd/ipsframework-code/build/CMakeFiles/CMakeTmp'


Parsed C implicit link information from above output:
  link line regex: [^( *|.*[/\])(ld|([^/\]+-)?ld|collect2)[^/\]*( |$)]
  ignore line: [Change Dir: /home/dsamadd/ipsframework-code/build/CMakeFiles/CMakeTmp]
  ignore line: []
  ignore line: [Run Build Command:/bin/gmake "cmTryCompileExec694079022/fast"]
  ignore line: [/bin/gmake -f CMakeFiles/cmTryCompileExec694079022.dir/build.make CMakeFiles/cmTryCompileExec694079022.dir/build]
  ignore line: [gmake[1]: Entering directory `/home/dsamadd/ipsframework-code/build/CMakeFiles/CMakeTmp']
  ignore line: [/usr/bin/cmake -E cmake_progress_report /home/dsamadd/ipsframework-code/build/CMakeFiles/CMakeTmp/CMakeFiles 1]
  ignore line: [Building C object CMakeFiles/cmTryCompileExec694079022.dir/CMakeCCompilerABI.c.o]
  ignore line: [/bin/cc    -o CMakeFiles/cmTryCompileExec694079022.dir/CMakeCCompilerABI.c.o   -c /usr/share/cmake/Modules/CMakeCCompilerABI.c]
  ignore line: [Linking C executable cmTryCompileExec694079022]
  ignore line: [/usr/bin/cmake -E cmake_link_script CMakeFiles/cmTryCompileExec694079022.dir/link.txt --verbose=1]
  ignore line: [/bin/cc     -v CMakeFiles/cmTryCompileExec694079022.dir/CMakeCCompilerABI.c.o  -o cmTryCompileExec694079022 -rdynamic  ]
  ignore line: [Using built-in specs.]
  ignore line: [COLLECT_GCC=/bin/cc]
  ignore line: [COLLECT_LTO_WRAPPER=/usr/libexec/gcc/x86_64-redhat-linux/4.8.5/lto-wrapper]
  ignore line: [Target: x86_64-redhat-linux]
  ignore line: [Configured with: ../configure --prefix=/usr --mandir=/usr/share/man --infodir=/usr/share/info --with-bugurl=http://bugzilla.redhat.com/bugzilla --enable-bootstrap --enable-shared --enable-threads=posix --enable-checking=release --with-system-zlib --enable-__cxa_atexit --disable-libunwind-exceptions --enable-gnu-unique-object --enable-linker-build-id --with-linker-hash-style=gnu --enable-languages=c,c++,objc,obj-c++,java,fortran,ada,go,lto --enable-plugin --enable-initfini-array --disable-libgcj --with-isl=/builddir/build/BUILD/gcc-4.8.5-20150702/obj-x86_64-redhat-linux/isl-install --with-cloog=/builddir/build/BUILD/gcc-4.8.5-20150702/obj-x86_64-redhat-linux/cloog-install --enable-gnu-indirect-function --with-tune=generic --with-arch_32=x86-64 --build=x86_64-redhat-linux]
  ignore line: [Thread model: posix]
  ignore line: [gcc version 4.8.5 20150623 (Red Hat 4.8.5-11) (GCC) ]
  ignore line: [COMPILER_PATH=/usr/libexec/gcc/x86_64-redhat-linux/4.8.5/:/usr/libexec/gcc/x86_64-redhat-linux/4.8.5/:/usr/libexec/gcc/x86_64-redhat-linux/:/usr/lib/gcc/x86_64-redhat-linux/4.8.5/:/usr/lib/gcc/x86_64-redhat-linux/]
  ignore line: [LIBRARY_PATH=/usr/lib/gcc/x86_64-redhat-linux/4.8.5/:/usr/lib/gcc/x86_64-redhat-linux/4.8.5/../../../../lib64/:/lib/../lib64/:/usr/lib/../lib64/:/usr/local/depot/ipx-1.0.2/lib/:/usr/local/lib/:/usr/lib/gcc/x86_64-redhat-linux/4.8.5/../../../:/lib/:/usr/lib/]
  ignore line: [COLLECT_GCC_OPTIONS='-v' '-o' 'cmTryCompileExec694079022' '-rdynamic' '-mtune=generic' '-march=x86-64']
  link line: [ /usr/libexec/gcc/x86_64-redhat-linux/4.8.5/collect2 --build-id --no-add-needed --eh-frame-hdr --hash-style=gnu -m elf_x86_64 -export-dynamic -dynamic-linker /lib64/ld-linux-x86-64.so.2 -o cmTryCompileExec694079022 /usr/lib/gcc/x86_64-redhat-linux/4.8.5/../../../../lib64/crt1.o /usr/lib/gcc/x86_64-redhat-linux/4.8.5/../../../../lib64/crti.o /usr/lib/gcc/x86_64-redhat-linux/4.8.5/crtbegin.o -L/usr/lib/gcc/x86_64-redhat-linux/4.8.5 -L/usr/lib/gcc/x86_64-redhat-linux/4.8.5/../../../../lib64 -L/lib/../lib64 -L/usr/lib/../lib64 -L/usr/local/depot/ipx-1.0.2/lib -L/usr/local/lib -L/usr/lib/gcc/x86_64-redhat-linux/4.8.5/../../.. CMakeFiles/cmTryCompileExec694079022.dir/CMakeCCompilerABI.c.o -lgcc --as-needed -lgcc_s --no-as-needed -lc -lgcc --as-needed -lgcc_s --no-as-needed /usr/lib/gcc/x86_64-redhat-linux/4.8.5/crtend.o /usr/lib/gcc/x86_64-redhat-linux/4.8.5/../../../../lib64/crtn.o]
    arg [/usr/libexec/gcc/x86_64-redhat-linux/4.8.5/collect2] ==> ignore
    arg [--build-id] ==> ignore
    arg [--no-add-needed] ==> ignore
    arg [--eh-frame-hdr] ==> ignore
    arg [--hash-style=gnu] ==> ignore
    arg [-m] ==> ignore
    arg [elf_x86_64] ==> ignore
    arg [-export-dynamic] ==> ignore
    arg [-dynamic-linker] ==> ignore
    arg [/lib64/ld-linux-x86-64.so.2] ==> ignore
    arg [-o] ==> ignore
    arg [cmTryCompileExec694079022] ==> ignore
    arg [/usr/lib/gcc/x86_64-redhat-linux/4.8.5/../../../../lib64/crt1.o] ==> ignore
    arg [/usr/lib/gcc/x86_64-redhat-linux/4.8.5/../../../../lib64/crti.o] ==> ignore
    arg [/usr/lib/gcc/x86_64-redhat-linux/4.8.5/crtbegin.o] ==> ignore
    arg [-L/usr/lib/gcc/x86_64-redhat-linux/4.8.5] ==> dir [/usr/lib/gcc/x86_64-redhat-linux/4.8.5]
    arg [-L/usr/lib/gcc/x86_64-redhat-linux/4.8.5/../../../../lib64] ==> dir [/usr/lib/gcc/x86_64-redhat-linux/4.8.5/../../../../lib64]
    arg [-L/lib/../lib64] ==> dir [/lib/../lib64]
    arg [-L/usr/lib/../lib64] ==> dir [/usr/lib/../lib64]
    arg [-L/usr/local/depot/ipx-1.0.2/lib] ==> dir [/usr/local/depot/ipx-1.0.2/lib]
    arg [-L/usr/local/lib] ==> dir [/usr/local/lib]
    arg [-L/usr/lib/gcc/x86_64-redhat-linux/4.8.5/../../..] ==> dir [/usr/lib/gcc/x86_64-redhat-linux/4.8.5/../../..]
    arg [CMakeFiles/cmTryCompileExec694079022.dir/CMakeCCompilerABI.c.o] ==> ignore
    arg [-lgcc] ==> lib [gcc]
    arg [--as-needed] ==> ignore
    arg [-lgcc_s] ==> lib [gcc_s]
    arg [--no-as-needed] ==> ignore
    arg [-lc] ==> lib [c]
    arg [-lgcc] ==> lib [gcc]
    arg [--as-needed] ==> ignore
    arg [-lgcc_s] ==> lib [gcc_s]
    arg [--no-as-needed] ==> ignore
    arg [/usr/lib/gcc/x86_64-redhat-linux/4.8.5/crtend.o] ==> ignore
    arg [/usr/lib/gcc/x86_64-redhat-linux/4.8.5/../../../../lib64/crtn.o] ==> ignore
  remove lib [gcc]
  remove lib [gcc_s]
  remove lib [gcc]
  remove lib [gcc_s]
  collapse library dir [/usr/lib/gcc/x86_64-redhat-linux/4.8.5] ==> [/usr/lib/gcc/x86_64-redhat-linux/4.8.5]
  collapse library dir [/usr/lib/gcc/x86_64-redhat-linux/4.8.5/../../../../lib64] ==> [/usr/lib64]
  collapse library dir [/lib/../lib64] ==> [/lib64]
  collapse library dir [/usr/lib/../lib64] ==> [/usr/lib64]
  collapse library dir [/usr/local/depot/ipx-1.0.2/lib] ==> [/usr/local/depot/ipx-1.0.2/lib]
  collapse library dir [/usr/local/lib] ==> [/usr/local/lib]
  collapse library dir [/usr/lib/gcc/x86_64-redhat-linux/4.8.5/../../..] ==> [/usr/lib]
  implicit libs: [c]
  implicit dirs: [/usr/lib/gcc/x86_64-redhat-linux/4.8.5;/usr/lib64;/lib64;/usr/local/depot/ipx-1.0.2/lib;/usr/local/lib;/usr/lib]
  implicit fwks: []


Determining if the CXX compiler works passed with the following output:
Change Dir: /home/dsamadd/ipsframework-code/build/CMakeFiles/CMakeTmp

Run Build Command:/bin/gmake "cmTryCompileExec1180419274/fast"
/bin/gmake -f CMakeFiles/cmTryCompileExec1180419274.dir/build.make CMakeFiles/cmTryCompileExec1180419274.dir/build
gmake[1]: Entering directory `/home/dsamadd/ipsframework-code/build/CMakeFiles/CMakeTmp'
/usr/bin/cmake -E cmake_progress_report /home/dsamadd/ipsframework-code/build/CMakeFiles/CMakeTmp/CMakeFiles 1
Building CXX object CMakeFiles/cmTryCompileExec1180419274.dir/testCXXCompiler.cxx.o
/bin/c++     -o CMakeFiles/cmTryCompileExec1180419274.dir/testCXXCompiler.cxx.o -c /home/dsamadd/ipsframework-code/build/CMakeFiles/CMakeTmp/testCXXCompiler.cxx
Linking CXX executable cmTryCompileExec1180419274
/usr/bin/cmake -E cmake_link_script CMakeFiles/cmTryCompileExec1180419274.dir/link.txt --verbose=1
/bin/c++        CMakeFiles/cmTryCompileExec1180419274.dir/testCXXCompiler.cxx.o  -o cmTryCompileExec1180419274 -rdynamic 
gmake[1]: Leaving directory `/home/dsamadd/ipsframework-code/build/CMakeFiles/CMakeTmp'


Detecting CXX compiler ABI info compiled with the following output:
Change Dir: /home/dsamadd/ipsframework-code/build/CMakeFiles/CMakeTmp

Run Build Command:/bin/gmake "cmTryCompileExec4237237844/fast"
/bin/gmake -f CMakeFiles/cmTryCompileExec4237237844.dir/build.make CMakeFiles/cmTryCompileExec4237237844.dir/build
gmake[1]: Entering directory `/home/dsamadd/ipsframework-code/build/CMakeFiles/CMakeTmp'
/usr/bin/cmake -E cmake_progress_report /home/dsamadd/ipsframework-code/build/CMakeFiles/CMakeTmp/CMakeFiles 1
Building CXX object CMakeFiles/cmTryCompileExec4237237844.dir/CMakeCXXCompilerABI.cpp.o
/bin/c++     -o CMakeFiles/cmTryCompileExec4237237844.dir/CMakeCXXCompilerABI.cpp.o -c /usr/share/cmake/Modules/CMakeCXXCompilerABI.cpp
Linking CXX executable cmTryCompileExec4237237844
/usr/bin/cmake -E cmake_link_script CMakeFiles/cmTryCompileExec4237237844.dir/link.txt --verbose=1
/bin/c++      -v CMakeFiles/cmTryCompileExec4237237844.dir/CMakeCXXCompilerABI.cpp.o  -o cmTryCompileExec4237237844 -rdynamic  
Using built-in specs.
COLLECT_GCC=/bin/c++
COLLECT_LTO_WRAPPER=/usr/libexec/gcc/x86_64-redhat-linux/4.8.5/lto-wrapper
Target: x86_64-redhat-linux
Configured with: ../configure --prefix=/usr --mandir=/usr/share/man --infodir=/usr/share/info --with-bugurl=http://bugzilla.redhat.com/bugzilla --enable-bootstrap --enable-shared --enable-threads=posix --enable-checking=release --with-system-zlib --enable-__cxa_atexit --disable-libunwind-exceptions --enable-gnu-unique-object --enable-linker-build-id --with-linker-hash-style=gnu --enable-languages=c,c++,objc,obj-c++,java,fortran,ada,go,lto --enable-plugin --enable-initfini-array --disable-libgcj --with-isl=/builddir/build/BUILD/gcc-4.8.5-20150702/obj-x86_64-redhat-linux/isl-install --with-cloog=/builddir/build/BUILD/gcc-4.8.5-20150702/obj-x86_64-redhat-linux/cloog-install --enable-gnu-indirect-function --with-tune=generic --with-arch_32=x86-64 --build=x86_64-redhat-linux
Thread model: posix
gcc version 4.8.5 20150623 (Red Hat 4.8.5-11) (GCC) 
COMPILER_PATH=/usr/libexec/gcc/x86_64-redhat-linux/4.8.5/:/usr/libexec/gcc/x86_64-redhat-linux/4.8.5/:/usr/libexec/gcc/x86_64-redhat-linux/:/usr/lib/gcc/x86_64-redhat-linux/4.8.5/:/usr/lib/gcc/x86_64-redhat-linux/
LIBRARY_PATH=/usr/lib/gcc/x86_64-redhat-linux/4.8.5/:/usr/lib/gcc/x86_64-redhat-linux/4.8.5/../../../../lib64/:/lib/../lib64/:/usr/lib/../lib64/:/usr/local/depot/ipx-1.0.2/lib/:/usr/local/lib/:/usr/lib/gcc/x86_64-redhat-linux/4.8.5/../../../:/lib/:/usr/lib/
COLLECT_GCC_OPTIONS='-v' '-o' 'cmTryCompileExec4237237844' '-rdynamic' '-shared-libgcc' '-mtune=generic' '-march=x86-64'
 /usr/libexec/gcc/x86_64-redhat-linux/4.8.5/collect2 --build-id --no-add-needed --eh-frame-hdr --hash-style=gnu -m elf_x86_64 -export-dynamic -dynamic-linker /lib64/ld-linux-x86-64.so.2 -o cmTryCompileExec4237237844 /usr/lib/gcc/x86_64-redhat-linux/4.8.5/../../../../lib64/crt1.o /usr/lib/gcc/x86_64-redhat-linux/4.8.5/../../../../lib64/crti.o /usr/lib/gcc/x86_64-redhat-linux/4.8.5/crtbegin.o -L/usr/lib/gcc/x86_64-redhat-linux/4.8.5 -L/usr/lib/gcc/x86_64-redhat-linux/4.8.5/../../../../lib64 -L/lib/../lib64 -L/usr/lib/../lib64 -L/usr/local/depot/ipx-1.0.2/lib -L/usr/local/lib -L/usr/lib/gcc/x86_64-redhat-linux/4.8.5/../../.. CMakeFiles/cmTryCompileExec4237237844.dir/CMakeCXXCompilerABI.cpp.o -lstdc++ -lm -lgcc_s -lgcc -lc -lgcc_s -lgcc /usr/lib/gcc/x86_64-redhat-linux/4.8.5/crtend.o /usr/lib/gcc/x86_64-redhat-linux/4.8.5/../../../../lib64/crtn.o
gmake[1]: Leaving directory `/home/dsamadd/ipsframework-code/build/CMakeFiles/CMakeTmp'


Parsed CXX implicit link information from above output:
  link line regex: [^( *|.*[/\])(ld|([^/\]+-)?ld|collect2)[^/\]*( |$)]
  ignore line: [Change Dir: /home/dsamadd/ipsframework-code/build/CMakeFiles/CMakeTmp]
  ignore line: []
  ignore line: [Run Build Command:/bin/gmake "cmTryCompileExec4237237844/fast"]
  ignore line: [/bin/gmake -f CMakeFiles/cmTryCompileExec4237237844.dir/build.make CMakeFiles/cmTryCompileExec4237237844.dir/build]
  ignore line: [gmake[1]: Entering directory `/home/dsamadd/ipsframework-code/build/CMakeFiles/CMakeTmp']
  ignore line: [/usr/bin/cmake -E cmake_progress_report /home/dsamadd/ipsframework-code/build/CMakeFiles/CMakeTmp/CMakeFiles 1]
  ignore line: [Building CXX object CMakeFiles/cmTryCompileExec4237237844.dir/CMakeCXXCompilerABI.cpp.o]
  ignore line: [/bin/c++     -o CMakeFiles/cmTryCompileExec4237237844.dir/CMakeCXXCompilerABI.cpp.o -c /usr/share/cmake/Modules/CMakeCXXCompilerABI.cpp]
  ignore line: [Linking CXX executable cmTryCompileExec4237237844]
  ignore line: [/usr/bin/cmake -E cmake_link_script CMakeFiles/cmTryCompileExec4237237844.dir/link.txt --verbose=1]
  ignore line: [/bin/c++      -v CMakeFiles/cmTryCompileExec4237237844.dir/CMakeCXXCompilerABI.cpp.o  -o cmTryCompileExec4237237844 -rdynamic  ]
  ignore line: [Using built-in specs.]
  ignore line: [COLLECT_GCC=/bin/c++]
  ignore line: [COLLECT_LTO_WRAPPER=/usr/libexec/gcc/x86_64-redhat-linux/4.8.5/lto-wrapper]
  ignore line: [Target: x86_64-redhat-linux]
  ignore line: [Configured with: ../configure --prefix=/usr --mandir=/usr/share/man --infodir=/usr/share/info --with-bugurl=http://bugzilla.redhat.com/bugzilla --enable-bootstrap --enable-shared --enable-threads=posix --enable-checking=release --with-system-zlib --enable-__cxa_atexit --disable-libunwind-exceptions --enable-gnu-unique-object --enable-linker-build-id --with-linker-hash-style=gnu --enable-languages=c,c++,objc,obj-c++,java,fortran,ada,go,lto --enable-plugin --enable-initfini-array --disable-libgcj --with-isl=/builddir/build/BUILD/gcc-4.8.5-20150702/obj-x86_64-redhat-linux/isl-install --with-cloog=/builddir/build/BUILD/gcc-4.8.5-20150702/obj-x86_64-redhat-linux/cloog-install --enable-gnu-indirect-function --with-tune=generic --with-arch_32=x86-64 --build=x86_64-redhat-linux]
  ignore line: [Thread model: posix]
  ignore line: [gcc version 4.8.5 20150623 (Red Hat 4.8.5-11) (GCC) ]
  ignore line: [COMPILER_PATH=/usr/libexec/gcc/x86_64-redhat-linux/4.8.5/:/usr/libexec/gcc/x86_64-redhat-linux/4.8.5/:/usr/libexec/gcc/x86_64-redhat-linux/:/usr/lib/gcc/x86_64-redhat-linux/4.8.5/:/usr/lib/gcc/x86_64-redhat-linux/]
  ignore line: [LIBRARY_PATH=/usr/lib/gcc/x86_64-redhat-linux/4.8.5/:/usr/lib/gcc/x86_64-redhat-linux/4.8.5/../../../../lib64/:/lib/../lib64/:/usr/lib/../lib64/:/usr/local/depot/ipx-1.0.2/lib/:/usr/local/lib/:/usr/lib/gcc/x86_64-redhat-linux/4.8.5/../../../:/lib/:/usr/lib/]
  ignore line: [COLLECT_GCC_OPTIONS='-v' '-o' 'cmTryCompileExec4237237844' '-rdynamic' '-shared-libgcc' '-mtune=generic' '-march=x86-64']
  link line: [ /usr/libexec/gcc/x86_64-redhat-linux/4.8.5/collect2 --build-id --no-add-needed --eh-frame-hdr --hash-style=gnu -m elf_x86_64 -export-dynamic -dynamic-linker /lib64/ld-linux-x86-64.so.2 -o cmTryCompileExec4237237844 /usr/lib/gcc/x86_64-redhat-linux/4.8.5/../../../../lib64/crt1.o /usr/lib/gcc/x86_64-redhat-linux/4.8.5/../../../../lib64/crti.o /usr/lib/gcc/x86_64-redhat-linux/4.8.5/crtbegin.o -L/usr/lib/gcc/x86_64-redhat-linux/4.8.5 -L/usr/lib/gcc/x86_64-redhat-linux/4.8.5/../../../../lib64 -L/lib/../lib64 -L/usr/lib/../lib64 -L/usr/local/depot/ipx-1.0.2/lib -L/usr/local/lib -L/usr/lib/gcc/x86_64-redhat-linux/4.8.5/../../.. CMakeFiles/cmTryCompileExec4237237844.dir/CMakeCXXCompilerABI.cpp.o -lstdc++ -lm -lgcc_s -lgcc -lc -lgcc_s -lgcc /usr/lib/gcc/x86_64-redhat-linux/4.8.5/crtend.o /usr/lib/gcc/x86_64-redhat-linux/4.8.5/../../../../lib64/crtn.o]
    arg [/usr/libexec/gcc/x86_64-redhat-linux/4.8.5/collect2] ==> ignore
    arg [--build-id] ==> ignore
    arg [--no-add-needed] ==> ignore
    arg [--eh-frame-hdr] ==> ignore
    arg [--hash-style=gnu] ==> ignore
    arg [-m] ==> ignore
    arg [elf_x86_64] ==> ignore
    arg [-export-dynamic] ==> ignore
    arg [-dynamic-linker] ==> ignore
    arg [/lib64/ld-linux-x86-64.so.2] ==> ignore
    arg [-o] ==> ignore
    arg [cmTryCompileExec4237237844] ==> ignore
    arg [/usr/lib/gcc/x86_64-redhat-linux/4.8.5/../../../../lib64/crt1.o] ==> ignore
    arg [/usr/lib/gcc/x86_64-redhat-linux/4.8.5/../../../../lib64/crti.o] ==> ignore
    arg [/usr/lib/gcc/x86_64-redhat-linux/4.8.5/crtbegin.o] ==> ignore
    arg [-L/usr/lib/gcc/x86_64-redhat-linux/4.8.5] ==> dir [/usr/lib/gcc/x86_64-redhat-linux/4.8.5]
    arg [-L/usr/lib/gcc/x86_64-redhat-linux/4.8.5/../../../../lib64] ==> dir [/usr/lib/gcc/x86_64-redhat-linux/4.8.5/../../../../lib64]
    arg [-L/lib/../lib64] ==> dir [/lib/../lib64]
    arg [-L/usr/lib/../lib64] ==> dir [/usr/lib/../lib64]
    arg [-L/usr/local/depot/ipx-1.0.2/lib] ==> dir [/usr/local/depot/ipx-1.0.2/lib]
    arg [-L/usr/local/lib] ==> dir [/usr/local/lib]
    arg [-L/usr/lib/gcc/x86_64-redhat-linux/4.8.5/../../..] ==> dir [/usr/lib/gcc/x86_64-redhat-linux/4.8.5/../../..]
    arg [CMakeFiles/cmTryCompileExec4237237844.dir/CMakeCXXCompilerABI.cpp.o] ==> ignore
    arg [-lstdc++] ==> lib [stdc++]
    arg [-lm] ==> lib [m]
    arg [-lgcc_s] ==> lib [gcc_s]
    arg [-lgcc] ==> lib [gcc]
    arg [-lc] ==> lib [c]
    arg [-lgcc_s] ==> lib [gcc_s]
    arg [-lgcc] ==> lib [gcc]
    arg [/usr/lib/gcc/x86_64-redhat-linux/4.8.5/crtend.o] ==> ignore
    arg [/usr/lib/gcc/x86_64-redhat-linux/4.8.5/../../../../lib64/crtn.o] ==> ignore
  remove lib [gcc_s]
  remove lib [gcc]
  remove lib [gcc_s]
  remove lib [gcc]
  collapse library dir [/usr/lib/gcc/x86_64-redhat-linux/4.8.5] ==> [/usr/lib/gcc/x86_64-redhat-linux/4.8.5]
  collapse library dir [/usr/lib/gcc/x86_64-redhat-linux/4.8.5/../../../../lib64] ==> [/usr/lib64]
  collapse library dir [/lib/../lib64] ==> [/lib64]
  collapse library dir [/usr/lib/../lib64] ==> [/usr/lib64]
  collapse library dir [/usr/local/depot/ipx-1.0.2/lib] ==> [/usr/local/depot/ipx-1.0.2/lib]
  collapse library dir [/usr/local/lib] ==> [/usr/local/lib]
  collapse library dir [/usr/lib/gcc/x86_64-redhat-linux/4.8.5/../../..] ==> [/usr/lib]
  implicit libs: [stdc++;m;c]
  implicit dirs: [/usr/lib/gcc/x86_64-redhat-linux/4.8.5;/usr/lib64;/lib64;/usr/local/depot/ipx-1.0.2/lib;/usr/local/lib;/usr/lib]
  implicit fwks: []


Determining if the include file sys/types.h exists passed with the following output:
Change Dir: /home/dsamadd/ipsframework-code/build/CMakeFiles/CMakeTmp

Run Build Command:/bin/gmake "cmTryCompileExec4250051950/fast"
/bin/gmake -f CMakeFiles/cmTryCompileExec4250051950.dir/build.make CMakeFiles/cmTryCompileExec4250051950.dir/build
gmake[1]: Entering directory `/home/dsamadd/ipsframework-code/build/CMakeFiles/CMakeTmp'
/usr/bin/cmake -E cmake_progress_report /home/dsamadd/ipsframework-code/build/CMakeFiles/CMakeTmp/CMakeFiles 1
Building C object CMakeFiles/cmTryCompileExec4250051950.dir/CheckIncludeFile.c.o
/bin/cc    -o CMakeFiles/cmTryCompileExec4250051950.dir/CheckIncludeFile.c.o   -c /home/dsamadd/ipsframework-code/build/CMakeFiles/CMakeTmp/CheckIncludeFile.c
Linking C executable cmTryCompileExec4250051950
/usr/bin/cmake -E cmake_link_script CMakeFiles/cmTryCompileExec4250051950.dir/link.txt --verbose=1
/bin/cc       CMakeFiles/cmTryCompileExec4250051950.dir/CheckIncludeFile.c.o  -o cmTryCompileExec4250051950 -rdynamic 
gmake[1]: Leaving directory `/home/dsamadd/ipsframework-code/build/CMakeFiles/CMakeTmp'


Determining if the include file stdint.h exists passed with the following output:
Change Dir: /home/dsamadd/ipsframework-code/build/CMakeFiles/CMakeTmp

Run Build Command:/bin/gmake "cmTryCompileExec573076305/fast"
/bin/gmake -f CMakeFiles/cmTryCompileExec573076305.dir/build.make CMakeFiles/cmTryCompileExec573076305.dir/build
gmake[1]: Entering directory `/home/dsamadd/ipsframework-code/build/CMakeFiles/CMakeTmp'
/usr/bin/cmake -E cmake_progress_report /home/dsamadd/ipsframework-code/build/CMakeFiles/CMakeTmp/CMakeFiles 1
Building C object CMakeFiles/cmTryCompileExec573076305.dir/CheckIncludeFile.c.o
/bin/cc    -o CMakeFiles/cmTryCompileExec573076305.dir/CheckIncludeFile.c.o   -c /home/dsamadd/ipsframework-code/build/CMakeFiles/CMakeTmp/CheckIncludeFile.c
Linking C executable cmTryCompileExec573076305
/usr/bin/cmake -E cmake_link_script CMakeFiles/cmTryCompileExec573076305.dir/link.txt --verbose=1
/bin/cc       CMakeFiles/cmTryCompileExec573076305.dir/CheckIncludeFile.c.o  -o cmTryCompileExec573076305 -rdynamic 
gmake[1]: Leaving directory `/home/dsamadd/ipsframework-code/build/CMakeFiles/CMakeTmp'


Determining if the include file stddef.h exists passed with the following output:
Change Dir: /home/dsamadd/ipsframework-code/build/CMakeFiles/CMakeTmp

Run Build Command:/bin/gmake "cmTryCompileExec1010609750/fast"
/bin/gmake -f CMakeFiles/cmTryCompileExec1010609750.dir/build.make CMakeFiles/cmTryCompileExec1010609750.dir/build
gmake[1]: Entering directory `/home/dsamadd/ipsframework-code/build/CMakeFiles/CMakeTmp'
/usr/bin/cmake -E cmake_progress_report /home/dsamadd/ipsframework-code/build/CMakeFiles/CMakeTmp/CMakeFiles 1
Building C object CMakeFiles/cmTryCompileExec1010609750.dir/CheckIncludeFile.c.o
/bin/cc    -o CMakeFiles/cmTryCompileExec1010609750.dir/CheckIncludeFile.c.o   -c /home/dsamadd/ipsframework-code/build/CMakeFiles/CMakeTmp/CheckIncludeFile.c
Linking C executable cmTryCompileExec1010609750
/usr/bin/cmake -E cmake_link_script CMakeFiles/cmTryCompileExec1010609750.dir/link.txt --verbose=1
/bin/cc       CMakeFiles/cmTryCompileExec1010609750.dir/CheckIncludeFile.c.o  -o cmTryCompileExec1010609750 -rdynamic 
gmake[1]: Leaving directory `/home/dsamadd/ipsframework-code/build/CMakeFiles/CMakeTmp'


Determining size of int passed with the following output:
Change Dir: /home/dsamadd/ipsframework-code/build/CMakeFiles/CMakeTmp

Run Build Command:/bin/gmake "cmTryCompileExec1088184207/fast"
/bin/gmake -f CMakeFiles/cmTryCompileExec1088184207.dir/build.make CMakeFiles/cmTryCompileExec1088184207.dir/build
gmake[1]: Entering directory `/home/dsamadd/ipsframework-code/build/CMakeFiles/CMakeTmp'
/usr/bin/cmake -E cmake_progress_report /home/dsamadd/ipsframework-code/build/CMakeFiles/CMakeTmp/CMakeFiles 1
Building C object CMakeFiles/cmTryCompileExec1088184207.dir/SCI_SIZEOF_INT.c.o
/bin/cc    -o CMakeFiles/cmTryCompileExec1088184207.dir/SCI_SIZEOF_INT.c.o   -c /home/dsamadd/ipsframework-code/build/CMakeFiles/CheckTypeSize/SCI_SIZEOF_INT.c
Linking C executable cmTryCompileExec1088184207
/usr/bin/cmake -E cmake_link_script CMakeFiles/cmTryCompileExec1088184207.dir/link.txt --verbose=1
/bin/cc       CMakeFiles/cmTryCompileExec1088184207.dir/SCI_SIZEOF_INT.c.o  -o cmTryCompileExec1088184207 -rdynamic 
gmake[1]: Leaving directory `/home/dsamadd/ipsframework-code/build/CMakeFiles/CMakeTmp'


Determining size of unsigned int passed with the following output:
Change Dir: /home/dsamadd/ipsframework-code/build/CMakeFiles/CMakeTmp

Run Build Command:/bin/gmake "cmTryCompileExec819153777/fast"
/bin/gmake -f CMakeFiles/cmTryCompileExec819153777.dir/build.make CMakeFiles/cmTryCompileExec819153777.dir/build
gmake[1]: Entering directory `/home/dsamadd/ipsframework-code/build/CMakeFiles/CMakeTmp'
/usr/bin/cmake -E cmake_progress_report /home/dsamadd/ipsframework-code/build/CMakeFiles/CMakeTmp/CMakeFiles 1
Building C object CMakeFiles/cmTryCompileExec819153777.dir/SCI_SIZEOF_UINT.c.o
/bin/cc    -o CMakeFiles/cmTryCompileExec819153777.dir/SCI_SIZEOF_UINT.c.o   -c /home/dsamadd/ipsframework-code/build/CMakeFiles/CheckTypeSize/SCI_SIZEOF_UINT.c
Linking C executable cmTryCompileExec819153777
/usr/bin/cmake -E cmake_link_script CMakeFiles/cmTryCompileExec819153777.dir/link.txt --verbose=1
/bin/cc       CMakeFiles/cmTryCompileExec819153777.dir/SCI_SIZEOF_UINT.c.o  -o cmTryCompileExec819153777 -rdynamic 
gmake[1]: Leaving directory `/home/dsamadd/ipsframework-code/build/CMakeFiles/CMakeTmp'


Determining size of size_t passed with the following output:
Change Dir: /home/dsamadd/ipsframework-code/build/CMakeFiles/CMakeTmp

Run Build Command:/bin/gmake "cmTryCompileExec1686018343/fast"
/bin/gmake -f CMakeFiles/cmTryCompileExec1686018343.dir/build.make CMakeFiles/cmTryCompileExec1686018343.dir/build
gmake[1]: Entering directory `/home/dsamadd/ipsframework-code/build/CMakeFiles/CMakeTmp'
/usr/bin/cmake -E cmake_progress_report /home/dsamadd/ipsframework-code/build/CMakeFiles/CMakeTmp/CMakeFiles 1
Building C object CMakeFiles/cmTryCompileExec1686018343.dir/SCI_SIZEOF_SIZE_T.c.o
/bin/cc   -I/home/dsamadd/ipsframework-code/build/CMakeFiles/CMakeTmp/stdio.h    -o CMakeFiles/cmTryCompileExec1686018343.dir/SCI_SIZEOF_SIZE_T.c.o   -c /home/dsamadd/ipsframework-code/build/CMakeFiles/CheckTypeSize/SCI_SIZEOF_SIZE_T.c
Linking C executable cmTryCompileExec1686018343
/usr/bin/cmake -E cmake_link_script CMakeFiles/cmTryCompileExec1686018343.dir/link.txt --verbose=1
/bin/cc       CMakeFiles/cmTryCompileExec1686018343.dir/SCI_SIZEOF_SIZE_T.c.o  -o cmTryCompileExec1686018343 -rdynamic 
gmake[1]: Leaving directory `/home/dsamadd/ipsframework-code/build/CMakeFiles/CMakeTmp'


Determining size of ssize_t passed with the following output:
Change Dir: /home/dsamadd/ipsframework-code/build/CMakeFiles/CMakeTmp

Run Build Command:/bin/gmake "cmTryCompileExec567883651/fast"
/bin/gmake -f CMakeFiles/cmTryCompileExec567883651.dir/build.make CMakeFiles/cmTryCompileExec567883651.dir/build
gmake[1]: Entering directory `/home/dsamadd/ipsframework-code/build/CMakeFiles/CMakeTmp'
/usr/bin/cmake -E cmake_progress_report /home/dsamadd/ipsframework-code/build/CMakeFiles/CMakeTmp/CMakeFiles 1
Building C object CMakeFiles/cmTryCompileExec567883651.dir/SCI_SIZEOF_SSIZE_T.c.o
/bin/cc   -I/home/dsamadd/ipsframework-code/build/CMakeFiles/CMakeTmp/unistd.h    -o CMakeFiles/cmTryCompileExec567883651.dir/SCI_SIZEOF_SSIZE_T.c.o   -c /home/dsamadd/ipsframework-code/build/CMakeFiles/CheckTypeSize/SCI_SIZEOF_SSIZE_T.c
Linking C executable cmTryCompileExec567883651
/usr/bin/cmake -E cmake_link_script CMakeFiles/cmTryCompileExec567883651.dir/link.txt --verbose=1
/bin/cc       CMakeFiles/cmTryCompileExec567883651.dir/SCI_SIZEOF_SSIZE_T.c.o  -o cmTryCompileExec567883651 -rdynamic 
gmake[1]: Leaving directory `/home/dsamadd/ipsframework-code/build/CMakeFiles/CMakeTmp'


Performing C SOURCE FILE Test TIME_WITH_SYS_TIME succeded with the following output:
Change Dir: /home/dsamadd/ipsframework-code/build/CMakeFiles/CMakeTmp

Run Build Command:/bin/gmake "cmTryCompileExec2660797553/fast"
/bin/gmake -f CMakeFiles/cmTryCompileExec2660797553.dir/build.make CMakeFiles/cmTryCompileExec2660797553.dir/build
gmake[1]: Entering directory `/home/dsamadd/ipsframework-code/build/CMakeFiles/CMakeTmp'
/usr/bin/cmake -E cmake_progress_report /home/dsamadd/ipsframework-code/build/CMakeFiles/CMakeTmp/CMakeFiles 1
Building C object CMakeFiles/cmTryCompileExec2660797553.dir/src.c.o
/bin/cc   -DTIME_WITH_SYS_TIME   -o CMakeFiles/cmTryCompileExec2660797553.dir/src.c.o   -c /home/dsamadd/ipsframework-code/build/CMakeFiles/CMakeTmp/src.c
Linking C executable cmTryCompileExec2660797553
/usr/bin/cmake -E cmake_link_script CMakeFiles/cmTryCompileExec2660797553.dir/link.txt --verbose=1
/bin/cc   -DTIME_WITH_SYS_TIME    CMakeFiles/cmTryCompileExec2660797553.dir/src.c.o  -o cmTryCompileExec2660797553 -rdynamic 
gmake[1]: Leaving directory `/home/dsamadd/ipsframework-code/build/CMakeFiles/CMakeTmp'

Source file was:

#include <sys/time.h>
#include <time.h>
int main(int argc, char** argv) {return 0;}

Determining if the include file sstream exists passed with the following output:
Change Dir: /home/dsamadd/ipsframework-code/build/CMakeFiles/CMakeTmp

Run Build Command:/bin/gmake "cmTryCompileExec2290602810/fast"
/bin/gmake -f CMakeFiles/cmTryCompileExec2290602810.dir/build.make CMakeFiles/cmTryCompileExec2290602810.dir/build
gmake[1]: Entering directory `/home/dsamadd/ipsframework-code/build/CMakeFiles/CMakeTmp'
/usr/bin/cmake -E cmake_progress_report /home/dsamadd/ipsframework-code/build/CMakeFiles/CMakeTmp/CMakeFiles 1
Building CXX object CMakeFiles/cmTryCompileExec2290602810.dir/CheckIncludeFile.cxx.o
/bin/c++    -pipe  -std=c++11 -Wno-deprecated-declarations -Werror=return-type    -o CMakeFiles/cmTryCompileExec2290602810.dir/CheckIncludeFile.cxx.o -c /home/dsamadd/ipsframework-code/build/CMakeFiles/CMakeTmp/CheckIncludeFile.cxx
Linking CXX executable cmTryCompileExec2290602810
/usr/bin/cmake -E cmake_link_script CMakeFiles/cmTryCompileExec2290602810.dir/link.txt --verbose=1
/bin/c++   -pipe  -std=c++11 -Wno-deprecated-declarations -Werror=return-type     CMakeFiles/cmTryCompileExec2290602810.dir/CheckIncludeFile.cxx.o  -o cmTryCompileExec2290602810 -rdynamic 
gmake[1]: Leaving directory `/home/dsamadd/ipsframework-code/build/CMakeFiles/CMakeTmp'


Determining if the include file iostream exists passed with the following output:
Change Dir: /home/dsamadd/ipsframework-code/build/CMakeFiles/CMakeTmp

Run Build Command:/bin/gmake "cmTryCompileExec912208235/fast"
/bin/gmake -f CMakeFiles/cmTryCompileExec912208235.dir/build.make CMakeFiles/cmTryCompileExec912208235.dir/build
gmake[1]: Entering directory `/home/dsamadd/ipsframework-code/build/CMakeFiles/CMakeTmp'
/usr/bin/cmake -E cmake_progress_report /home/dsamadd/ipsframework-code/build/CMakeFiles/CMakeTmp/CMakeFiles 1
Building CXX object CMakeFiles/cmTryCompileExec912208235.dir/CheckIncludeFile.cxx.o
/bin/c++    -pipe  -std=c++11 -Wno-deprecated-declarations -Werror=return-type    -o CMakeFiles/cmTryCompileExec912208235.dir/CheckIncludeFile.cxx.o -c /home/dsamadd/ipsframework-code/build/CMakeFiles/CMakeTmp/CheckIncludeFile.cxx
Linking CXX executable cmTryCompileExec912208235
/usr/bin/cmake -E cmake_link_script CMakeFiles/cmTryCompileExec912208235.dir/link.txt --verbose=1
/bin/c++   -pipe  -std=c++11 -Wno-deprecated-declarations -Werror=return-type     CMakeFiles/cmTryCompileExec912208235.dir/CheckIncludeFile.cxx.o  -o cmTryCompileExec912208235 -rdynamic 
gmake[1]: Leaving directory `/home/dsamadd/ipsframework-code/build/CMakeFiles/CMakeTmp'


Performing C++ SOURCE FILE Test VECTOR_ITERATOR_IS_NOT_POINTER succeded with the following output:
Change Dir: /home/dsamadd/ipsframework-code/build/CMakeFiles/CMakeTmp

Run Build Command:/bin/gmake "cmTryCompileExec3030429051/fast"
/bin/gmake -f CMakeFiles/cmTryCompileExec3030429051.dir/build.make CMakeFiles/cmTryCompileExec3030429051.dir/build
gmake[1]: Entering directory `/home/dsamadd/ipsframework-code/build/CMakeFiles/CMakeTmp'
/usr/bin/cmake -E cmake_progress_report /home/dsamadd/ipsframework-code/build/CMakeFiles/CMakeTmp/CMakeFiles 1
Building CXX object CMakeFiles/cmTryCompileExec3030429051.dir/src.cxx.o
/bin/c++    -pipe  -std=c++11 -Wno-deprecated-declarations -Werror=return-type -DVECTOR_ITERATOR_IS_NOT_POINTER   -o CMakeFiles/cmTryCompileExec3030429051.dir/src.cxx.o -c /home/dsamadd/ipsframework-code/build/CMakeFiles/CMakeTmp/src.cxx
Linking CXX executable cmTryCompileExec3030429051
/usr/bin/cmake -E cmake_link_script CMakeFiles/cmTryCompileExec3030429051.dir/link.txt --verbose=1
/bin/c++   -pipe  -std=c++11 -Wno-deprecated-declarations -Werror=return-type -DVECTOR_ITERATOR_IS_NOT_POINTER    CMakeFiles/cmTryCompileExec3030429051.dir/src.cxx.o  -o cmTryCompileExec3030429051 -rdynamic 
gmake[1]: Leaving directory `/home/dsamadd/ipsframework-code/build/CMakeFiles/CMakeTmp'

Source file was:

#include <vector>
void f(int* i){}
void f(std::vector<int>::iterator i){}
int main(int argc, char** argv) {return 0;}

Performing C++ SOURCE FILE Test HAVE_TEMPLATE_ALIAS succeded with the following output:
Change Dir: /home/dsamadd/ipsframework-code/build/CMakeFiles/CMakeTmp

Run Build Command:/bin/gmake "cmTryCompileExec3199526487/fast"
/bin/gmake -f CMakeFiles/cmTryCompileExec3199526487.dir/build.make CMakeFiles/cmTryCompileExec3199526487.dir/build
gmake[1]: Entering directory `/home/dsamadd/ipsframework-code/build/CMakeFiles/CMakeTmp'
/usr/bin/cmake -E cmake_progress_report /home/dsamadd/ipsframework-code/build/CMakeFiles/CMakeTmp/CMakeFiles 1
Building CXX object CMakeFiles/cmTryCompileExec3199526487.dir/src.cxx.o
/bin/c++    -pipe  -std=c++11 -Wno-deprecated-declarations -Werror=return-type -DHAVE_TEMPLATE_ALIAS   -o CMakeFiles/cmTryCompileExec3199526487.dir/src.cxx.o -c /home/dsamadd/ipsframework-code/build/CMakeFiles/CMakeTmp/src.cxx
Linking CXX executable cmTryCompileExec3199526487
/usr/bin/cmake -E cmake_link_script CMakeFiles/cmTryCompileExec3199526487.dir/link.txt --verbose=1
/bin/c++   -pipe  -std=c++11 -Wno-deprecated-declarations -Werror=return-type -DHAVE_TEMPLATE_ALIAS    CMakeFiles/cmTryCompileExec3199526487.dir/src.cxx.o  -o cmTryCompileExec3199526487 -rdynamic 
gmake[1]: Leaving directory `/home/dsamadd/ipsframework-code/build/CMakeFiles/CMakeTmp'

Source file was:

#include <vector>
using vec_int = std::vector<int>;
int main(int argc, char** argv) {return 0;}

Performing C++ SOURCE FILE Test HAVE_CXX11_THREAD succeded with the following output:
Change Dir: /home/dsamadd/ipsframework-code/build/CMakeFiles/CMakeTmp

Run Build Command:/bin/gmake "cmTryCompileExec3636055734/fast"
/bin/gmake -f CMakeFiles/cmTryCompileExec3636055734.dir/build.make CMakeFiles/cmTryCompileExec3636055734.dir/build
gmake[1]: Entering directory `/home/dsamadd/ipsframework-code/build/CMakeFiles/CMakeTmp'
/usr/bin/cmake -E cmake_progress_report /home/dsamadd/ipsframework-code/build/CMakeFiles/CMakeTmp/CMakeFiles 1
Building CXX object CMakeFiles/cmTryCompileExec3636055734.dir/src.cxx.o
/bin/c++    -pipe  -std=c++11 -Wno-deprecated-declarations -Werror=return-type -DHAVE_CXX11_THREAD   -o CMakeFiles/cmTryCompileExec3636055734.dir/src.cxx.o -c /home/dsamadd/ipsframework-code/build/CMakeFiles/CMakeTmp/src.cxx
Linking CXX executable cmTryCompileExec3636055734
/usr/bin/cmake -E cmake_link_script CMakeFiles/cmTryCompileExec3636055734.dir/link.txt --verbose=1
/bin/c++   -pipe  -std=c++11 -Wno-deprecated-declarations -Werror=return-type -DHAVE_CXX11_THREAD    CMakeFiles/cmTryCompileExec3636055734.dir/src.cxx.o  -o cmTryCompileExec3636055734 -rdynamic 
gmake[1]: Leaving directory `/home/dsamadd/ipsframework-code/build/CMakeFiles/CMakeTmp'

Source file was:

#include <thread>
int main(int argc, char** argv) {return 0;}

Compiling the Fortran compiler identification source file "CMakeFortranCompilerId.F" succeeded.
Compiler: /usr/local/depot/INTEL/intel/composerxe-2011.1.107/bin/intel64/ifort 
Build flags: 
Id flags: 

The output was:
0


Compilation of the Fortran compiler identification source "CMakeFortranCompilerId.F" produced "a.out"

The Fortran compiler identification is Intel, found in "/home/dsamadd/ipsframework-code/build/CMakeFiles/2.8.12.2/CompilerIdFortran/a.out"

Determining if the Fortran compiler works passed with the following output:
Change Dir: /home/dsamadd/ipsframework-code/build/CMakeFiles/CMakeTmp

Run Build Command:/bin/gmake "cmTryCompileExec1799147173/fast"
/bin/gmake -f CMakeFiles/cmTryCompileExec1799147173.dir/build.make CMakeFiles/cmTryCompileExec1799147173.dir/build
gmake[1]: Entering directory `/home/dsamadd/ipsframework-code/build/CMakeFiles/CMakeTmp'
/usr/bin/cmake -E cmake_progress_report /home/dsamadd/ipsframework-code/build/CMakeFiles/CMakeTmp/CMakeFiles 1
Building Fortran object CMakeFiles/cmTryCompileExec1799147173.dir/testFortranCompiler.f.o
/usr/local/depot/INTEL/intel/composerxe-2011.1.107/bin/intel64/ifort    -c /home/dsamadd/ipsframework-code/build/CMakeFiles/CMakeTmp/testFortranCompiler.f -o CMakeFiles/cmTryCompileExec1799147173.dir/testFortranCompiler.f.o
Linking Fortran executable cmTryCompileExec1799147173
/usr/bin/cmake -E cmake_link_script CMakeFiles/cmTryCompileExec1799147173.dir/link.txt --verbose=1
/usr/local/depot/INTEL/intel/composerxe-2011.1.107/bin/intel64/ifort       CMakeFiles/cmTryCompileExec1799147173.dir/testFortranCompiler.f.o  -o cmTryCompileExec1799147173 -i_dynamic 
gmake[1]: Leaving directory `/home/dsamadd/ipsframework-code/build/CMakeFiles/CMakeTmp'


Detecting Fortran compiler ABI info compiled with the following output:
Change Dir: /home/dsamadd/ipsframework-code/build/CMakeFiles/CMakeTmp

Run Build Command:/bin/gmake "cmTryCompileExec2466563241/fast"
/bin/gmake -f CMakeFiles/cmTryCompileExec2466563241.dir/build.make CMakeFiles/cmTryCompileExec2466563241.dir/build
gmake[1]: Entering directory `/home/dsamadd/ipsframework-code/build/CMakeFiles/CMakeTmp'
/usr/bin/cmake -E cmake_progress_report /home/dsamadd/ipsframework-code/build/CMakeFiles/CMakeTmp/CMakeFiles 1
Building Fortran object CMakeFiles/cmTryCompileExec2466563241.dir/CMakeFortranCompilerABI.F.o
/usr/local/depot/INTEL/intel/composerxe-2011.1.107/bin/intel64/ifort    -c /usr/share/cmake/Modules/CMakeFortranCompilerABI.F -o CMakeFiles/cmTryCompileExec2466563241.dir/CMakeFortranCompilerABI.F.o
Linking Fortran executable cmTryCompileExec2466563241
/usr/bin/cmake -E cmake_link_script CMakeFiles/cmTryCompileExec2466563241.dir/link.txt --verbose=1
/usr/local/depot/INTEL/intel/composerxe-2011.1.107/bin/intel64/ifort   -v   CMakeFiles/cmTryCompileExec2466563241.dir/CMakeFortranCompilerABI.F.o  -o cmTryCompileExec2466563241 -i_dynamic  
Version 12.0.0
/usr/local/depot/INTEL/intel/composerxe-2011.1.107/bin/intel64/fortcom    -mP1OPT_version=12.0-intel64 -mGLOB_diag_file=CMakeFiles/cmTryCompileExec2466563241.dir/CMakeFortranCompilerABI.F.diag -mGLOB_source_language=GLOB_SOURCE_LANGUAGE_F90 -mGLOB_tune_for_fort -mGLOB_use_fort_dope_vector -mP2OPT_static_promotion -mP1OPT_print_version=FALSE -mCG_use_gas_got_workaround=F -mP2OPT_align_option_used=TRUE "-mGLOB_options_string=-v -o cmTryCompileExec2466563241 -i_dynamic" -mGLOB_cxx_limited_range=FALSE -mGLOB_as_output_backup_file_name=/tmp/ifortih19duas_.s -mIPOPT_activate -mGLOB_machine_model=GLOB_MACHINE_MODEL_EFI2 -mGLOB_product_id_code=0x22001de4 -mP3OPT_use_mspp_call_convention -mP2OPT_subs_out_of_bound=FALSE -mGLOB_ansi_alias -mPGOPTI_value_profile_use=T -mP2OPT_il0_array_sections=TRUE -mP2OPT_hlo -mP2OPT_hpo_rtt_control=0 -mIPOPT_args_in_regs=0 -mIPOPT_link -mIPOPT_ipo_activate -mIPOPT_mo_activate -mIPOPT_source_files_list=/tmp/ifortdH2GvSslis -mIPOPT_mo_global_data -mIPOPT_link_script_file=/tmp/ifortBIrHpKscript "-mIPOPT_link_version=2.25.1-22.base.el7 " "-mIPOPT_cmdline_link="/usr/lib/gcc/x86_64-redhat-linux/4.8.5/../../../../lib64/crt1.o" "/usr/lib/gcc/x86_64-redhat-linux/4.8.5/../../../../lib64/crti.o" "/usr/lib/gcc/x86_64-redhat-linux/4.8.5/crtbegin.o" "--eh-frame-hdr" "-dynamic-linker" "/usr/lib64/ld-linux-x86-64.so.2" "-o" "cmTryCompileExec2466563241" "/usr/local/depot/INTEL/intel/composerxe-2011.1.107/compiler/lib/intel64/for_main.o" "-L/usr/local/depot/ipx-1.0.2/lib" "-L/usr/local/lib" "-L/usr/local/depot/INTEL/intel/composerxe-2011.1.107/compiler/lib/intel64" "-L/usr/lib/gcc/x86_64-redhat-linux/4.8.5" "-L/usr/lib/gcc/x86_64-redhat-linux/4.8.5/../../../../lib64" "-L/lib/../lib64" "-L/usr/lib/../lib64" "-L/usr/local/depot/ipx-1.0.2/lib" "-L/usr/local/lib" "-L/usr/lib/gcc/x86_64-redhat-linux/4.8.5/../../.." "-L/lib64" "-L/lib" "-L/usr/lib64" "-L/usr/lib" "CMakeFiles/cmTryCompileExec2466563241.dir/CMakeFortranCompilerABI.F.o" "-lifport" "-lifcore" "-limf" "-lsvml" "-lm" "-lipgo" "-lintlc" "-u" "__pthread_once" "-lpthread" "-lc" "-lgcc_s" "-lgcc" "-lirc_s" "-ldl" "-lc" "/usr/lib/gcc/x86_64-redhat-linux/4.8.5/crtend.o" "/usr/lib/gcc/x86_64-redhat-linux/4.8.5/../../../../lib64/crtn.o"" -mIPOPT_il_in_obj -mIPOPT_ipo_activate_warn=FALSE -mIPOPT_obj_output_file_name=/tmp/ipo_ifortmPHN5E.o "-mGLOB_linker_version=2.25.1-22.base.el7 " -mGLOB_long_size_64 -mGLOB_routine_pointer_size_64 -mP3OPT_asm_target=P3OPT_ASM_TARGET_GAS -mGLOB_obj_output_file=/tmp/ipo_ifortmPHN5E.o -mP1OPT_source_file_name=ipo_out.f -mP2OPT_symtab_type_copy=true CMakeFiles/cmTryCompileExec2466563241.dir/CMakeFortranCompilerABI.F.o -mIPOPT_object_files=/tmp/ifortY2lLZwolis -mIPOPT_assembly_files=/tmp/ifort52BJToalis -mIPOPT_generated_tempfiles=/tmp/ifortHJjINgelis -mIPOPT_embedded_object_base_name=/tmp/ifortVvrHH8eobj -mIPOPT_cmdline_link_new_name=/tmp/ifortoW1GB0llis
ld    /usr/lib/gcc/x86_64-redhat-linux/4.8.5/../../../../lib64/crt1.o /usr/lib/gcc/x86_64-redhat-linux/4.8.5/../../../../lib64/crti.o /usr/lib/gcc/x86_64-redhat-linux/4.8.5/crtbegin.o --eh-frame-hdr -dynamic-linker /usr/lib64/ld-linux-x86-64.so.2 -o cmTryCompileExec2466563241 /usr/local/depot/INTEL/intel/composerxe-2011.1.107/compiler/lib/intel64/for_main.o -L/usr/local/depot/ipx-1.0.2/lib -L/usr/local/lib -L/usr/local/depot/INTEL/intel/composerxe-2011.1.107/compiler/lib/intel64 -L/usr/lib/gcc/x86_64-redhat-linux/4.8.5 -L/usr/lib/gcc/x86_64-redhat-linux/4.8.5/../../../../lib64 -L/lib/../lib64 -L/usr/lib/../lib64 -L/usr/local/depot/ipx-1.0.2/lib -L/usr/local/lib -L/usr/lib/gcc/x86_64-redhat-linux/4.8.5/../../.. -L/lib64 -L/lib -L/usr/lib64 -L/usr/lib CMakeFiles/cmTryCompileExec2466563241.dir/CMakeFortranCompilerABI.F.o -lifport -lifcore -limf -lsvml -lm -lipgo -lintlc -u __pthread_once -lpthread -lc -lgcc_s -lgcc -lirc_s -ldl -lc /usr/lib/gcc/x86_64-redhat-linux/4.8.5/crtend.o /usr/lib/gcc/x86_64-redhat-linux/4.8.5/../../../../lib64/crtn.o
rm /tmp/ifortXSlaiVlibgcc

rm /tmp/ifortn2ZQbNgnudirs

rm /tmp/ifortY2lLZwolis

rm /tmp/ifort52BJToalis

rm /tmp/ifortHJjINgelis

rm /tmp/ifortoW1GB0llis

rm /tmp/ifortdH2GvSslis

rm /tmp/ifortBIrHpKscript

rm /tmp/ipo_ifortmPHN5E.o

rm /tmp/ifort9wtIjCgas

rm /tmp/ifortih19duas_.s

rm /tmp/ifortQgBC8lldashv

rm /tmp/ifortCy2n3dgnudirs

rm /tmp/ifortKCkKY5arg

gmake[1]: Leaving directory `/home/dsamadd/ipsframework-code/build/CMakeFiles/CMakeTmp'


Parsed Fortran implicit link information from above output:
  link line regex: [^( *|.*[/\])(ld|([^/\]+-)?ld|collect2)[^/\]*( |$)]
  ignore line: [Change Dir: /home/dsamadd/ipsframework-code/build/CMakeFiles/CMakeTmp]
  ignore line: []
  ignore line: [Run Build Command:/bin/gmake "cmTryCompileExec2466563241/fast"]
  ignore line: [/bin/gmake -f CMakeFiles/cmTryCompileExec2466563241.dir/build.make CMakeFiles/cmTryCompileExec2466563241.dir/build]
  ignore line: [gmake[1]: Entering directory `/home/dsamadd/ipsframework-code/build/CMakeFiles/CMakeTmp']
  ignore line: [/usr/bin/cmake -E cmake_progress_report /home/dsamadd/ipsframework-code/build/CMakeFiles/CMakeTmp/CMakeFiles 1]
  ignore line: [Building Fortran object CMakeFiles/cmTryCompileExec2466563241.dir/CMakeFortranCompilerABI.F.o]
  ignore line: [/usr/local/depot/INTEL/intel/composerxe-2011.1.107/bin/intel64/ifort    -c /usr/share/cmake/Modules/CMakeFortranCompilerABI.F -o CMakeFiles/cmTryCompileExec2466563241.dir/CMakeFortranCompilerABI.F.o]
  ignore line: [Linking Fortran executable cmTryCompileExec2466563241]
  ignore line: [/usr/bin/cmake -E cmake_link_script CMakeFiles/cmTryCompileExec2466563241.dir/link.txt --verbose=1]
  ignore line: [/usr/local/depot/INTEL/intel/composerxe-2011.1.107/bin/intel64/ifort   -v   CMakeFiles/cmTryCompileExec2466563241.dir/CMakeFortranCompilerABI.F.o  -o cmTryCompileExec2466563241 -i_dynamic  ]
  ignore line: [Version 12.0.0]
  ignore line: [/usr/local/depot/INTEL/intel/composerxe-2011.1.107/bin/intel64/fortcom    -mP1OPT_version=12.0-intel64 -mGLOB_diag_file=CMakeFiles/cmTryCompileExec2466563241.dir/CMakeFortranCompilerABI.F.diag -mGLOB_source_language=GLOB_SOURCE_LANGUAGE_F90 -mGLOB_tune_for_fort -mGLOB_use_fort_dope_vector -mP2OPT_static_promotion -mP1OPT_print_version=FALSE -mCG_use_gas_got_workaround=F -mP2OPT_align_option_used=TRUE "-mGLOB_options_string=-v -o cmTryCompileExec2466563241 -i_dynamic" -mGLOB_cxx_limited_range=FALSE -mGLOB_as_output_backup_file_name=/tmp/ifortih19duas_.s -mIPOPT_activate -mGLOB_machine_model=GLOB_MACHINE_MODEL_EFI2 -mGLOB_product_id_code=0x22001de4 -mP3OPT_use_mspp_call_convention -mP2OPT_subs_out_of_bound=FALSE -mGLOB_ansi_alias -mPGOPTI_value_profile_use=T -mP2OPT_il0_array_sections=TRUE -mP2OPT_hlo -mP2OPT_hpo_rtt_control=0 -mIPOPT_args_in_regs=0 -mIPOPT_link -mIPOPT_ipo_activate -mIPOPT_mo_activate -mIPOPT_source_files_list=/tmp/ifortdH2GvSslis -mIPOPT_mo_global_data -mIPOPT_link_script_file=/tmp/ifortBIrHpKscript "-mIPOPT_link_version=2.25.1-22.base.el7 " "-mIPOPT_cmdline_link="/usr/lib/gcc/x86_64-redhat-linux/4.8.5/../../../../lib64/crt1.o" "/usr/lib/gcc/x86_64-redhat-linux/4.8.5/../../../../lib64/crti.o" "/usr/lib/gcc/x86_64-redhat-linux/4.8.5/crtbegin.o" "--eh-frame-hdr" "-dynamic-linker" "/usr/lib64/ld-linux-x86-64.so.2" "-o" "cmTryCompileExec2466563241" "/usr/local/depot/INTEL/intel/composerxe-2011.1.107/compiler/lib/intel64/for_main.o" "-L/usr/local/depot/ipx-1.0.2/lib" "-L/usr/local/lib" "-L/usr/local/depot/INTEL/intel/composerxe-2011.1.107/compiler/lib/intel64" "-L/usr/lib/gcc/x86_64-redhat-linux/4.8.5" "-L/usr/lib/gcc/x86_64-redhat-linux/4.8.5/../../../../lib64" "-L/lib/../lib64" "-L/usr/lib/../lib64" "-L/usr/local/depot/ipx-1.0.2/lib" "-L/usr/local/lib" "-L/usr/lib/gcc/x86_64-redhat-linux/4.8.5/../../.." "-L/lib64" "-L/lib" "-L/usr/lib64" "-L/usr/lib" "CMakeFiles/cmTryCompileExec2466563241.dir/CMakeFortranCompilerABI.F.o" "-lifport" "-lifcore" "-limf" "-lsvml" "-lm" "-lipgo" "-lintlc" "-u" "__pthread_once" "-lpthread" "-lc" "-lgcc_s" "-lgcc" "-lirc_s" "-ldl" "-lc" "/usr/lib/gcc/x86_64-redhat-linux/4.8.5/crtend.o" "/usr/lib/gcc/x86_64-redhat-linux/4.8.5/../../../../lib64/crtn.o"" -mIPOPT_il_in_obj -mIPOPT_ipo_activate_warn=FALSE -mIPOPT_obj_output_file_name=/tmp/ipo_ifortmPHN5E.o "-mGLOB_linker_version=2.25.1-22.base.el7 " -mGLOB_long_size_64 -mGLOB_routine_pointer_size_64 -mP3OPT_asm_target=P3OPT_ASM_TARGET_GAS -mGLOB_obj_output_file=/tmp/ipo_ifortmPHN5E.o -mP1OPT_source_file_name=ipo_out.f -mP2OPT_symtab_type_copy=true CMakeFiles/cmTryCompileExec2466563241.dir/CMakeFortranCompilerABI.F.o -mIPOPT_object_files=/tmp/ifortY2lLZwolis -mIPOPT_assembly_files=/tmp/ifort52BJToalis -mIPOPT_generated_tempfiles=/tmp/ifortHJjINgelis -mIPOPT_embedded_object_base_name=/tmp/ifortVvrHH8eobj -mIPOPT_cmdline_link_new_name=/tmp/ifortoW1GB0llis]
  link line: [ld    /usr/lib/gcc/x86_64-redhat-linux/4.8.5/../../../../lib64/crt1.o /usr/lib/gcc/x86_64-redhat-linux/4.8.5/../../../../lib64/crti.o /usr/lib/gcc/x86_64-redhat-linux/4.8.5/crtbegin.o --eh-frame-hdr -dynamic-linker /usr/lib64/ld-linux-x86-64.so.2 -o cmTryCompileExec2466563241 /usr/local/depot/INTEL/intel/composerxe-2011.1.107/compiler/lib/intel64/for_main.o -L/usr/local/depot/ipx-1.0.2/lib -L/usr/local/lib -L/usr/local/depot/INTEL/intel/composerxe-2011.1.107/compiler/lib/intel64 -L/usr/lib/gcc/x86_64-redhat-linux/4.8.5 -L/usr/lib/gcc/x86_64-redhat-linux/4.8.5/../../../../lib64 -L/lib/../lib64 -L/usr/lib/../lib64 -L/usr/local/depot/ipx-1.0.2/lib -L/usr/local/lib -L/usr/lib/gcc/x86_64-redhat-linux/4.8.5/../../.. -L/lib64 -L/lib -L/usr/lib64 -L/usr/lib CMakeFiles/cmTryCompileExec2466563241.dir/CMakeFortranCompilerABI.F.o -lifport -lifcore -limf -lsvml -lm -lipgo -lintlc -u __pthread_once -lpthread -lc -lgcc_s -lgcc -lirc_s -ldl -lc /usr/lib/gcc/x86_64-redhat-linux/4.8.5/crtend.o /usr/lib/gcc/x86_64-redhat-linux/4.8.5/../../../../lib64/crtn.o]
    arg [ld] ==> ignore
    arg [/usr/lib/gcc/x86_64-redhat-linux/4.8.5/../../../../lib64/crt1.o] ==> ignore
    arg [/usr/lib/gcc/x86_64-redhat-linux/4.8.5/../../../../lib64/crti.o] ==> ignore
    arg [/usr/lib/gcc/x86_64-redhat-linux/4.8.5/crtbegin.o] ==> ignore
    arg [--eh-frame-hdr] ==> ignore
    arg [-dynamic-linker] ==> ignore
    arg [/usr/lib64/ld-linux-x86-64.so.2] ==> ignore
    arg [-o] ==> ignore
    arg [cmTryCompileExec2466563241] ==> ignore
    arg [/usr/local/depot/INTEL/intel/composerxe-2011.1.107/compiler/lib/intel64/for_main.o] ==> ignore
    arg [-L/usr/local/depot/ipx-1.0.2/lib] ==> dir [/usr/local/depot/ipx-1.0.2/lib]
    arg [-L/usr/local/lib] ==> dir [/usr/local/lib]
    arg [-L/usr/local/depot/INTEL/intel/composerxe-2011.1.107/compiler/lib/intel64] ==> dir [/usr/local/depot/INTEL/intel/composerxe-2011.1.107/compiler/lib/intel64]
    arg [-L/usr/lib/gcc/x86_64-redhat-linux/4.8.5] ==> dir [/usr/lib/gcc/x86_64-redhat-linux/4.8.5]
    arg [-L/usr/lib/gcc/x86_64-redhat-linux/4.8.5/../../../../lib64] ==> dir [/usr/lib/gcc/x86_64-redhat-linux/4.8.5/../../../../lib64]
    arg [-L/lib/../lib64] ==> dir [/lib/../lib64]
    arg [-L/usr/lib/../lib64] ==> dir [/usr/lib/../lib64]
    arg [-L/usr/local/depot/ipx-1.0.2/lib] ==> dir [/usr/local/depot/ipx-1.0.2/lib]
    arg [-L/usr/local/lib] ==> dir [/usr/local/lib]
    arg [-L/usr/lib/gcc/x86_64-redhat-linux/4.8.5/../../..] ==> dir [/usr/lib/gcc/x86_64-redhat-linux/4.8.5/../../..]
    arg [-L/lib64] ==> dir [/lib64]
    arg [-L/lib] ==> dir [/lib]
    arg [-L/usr/lib64] ==> dir [/usr/lib64]
    arg [-L/usr/lib] ==> dir [/usr/lib]
    arg [CMakeFiles/cmTryCompileExec2466563241.dir/CMakeFortranCompilerABI.F.o] ==> ignore
    arg [-lifport] ==> lib [ifport]
    arg [-lifcore] ==> lib [ifcore]
    arg [-limf] ==> lib [imf]
    arg [-lsvml] ==> lib [svml]
    arg [-lm] ==> lib [m]
    arg [-lipgo] ==> lib [ipgo]
    arg [-lintlc] ==> lib [intlc]
    arg [-u] ==> ignore
    arg [__pthread_once] ==> ignore
    arg [-lpthread] ==> lib [pthread]
    arg [-lc] ==> lib [c]
    arg [-lgcc_s] ==> lib [gcc_s]
    arg [-lgcc] ==> lib [gcc]
    arg [-lirc_s] ==> lib [irc_s]
    arg [-ldl] ==> lib [dl]
    arg [-lc] ==> lib [c]
    arg [/usr/lib/gcc/x86_64-redhat-linux/4.8.5/crtend.o] ==> ignore
    arg [/usr/lib/gcc/x86_64-redhat-linux/4.8.5/../../../../lib64/crtn.o] ==> ignore
  remove lib [gcc_s]
  remove lib [gcc]
  collapse library dir [/usr/local/depot/ipx-1.0.2/lib] ==> [/usr/local/depot/ipx-1.0.2/lib]
  collapse library dir [/usr/local/lib] ==> [/usr/local/lib]
  collapse library dir [/usr/local/depot/INTEL/intel/composerxe-2011.1.107/compiler/lib/intel64] ==> [/usr/local/depot/INTEL/intel/composerxe-2011.1.107/compiler/lib/intel64]
  collapse library dir [/usr/lib/gcc/x86_64-redhat-linux/4.8.5] ==> [/usr/lib/gcc/x86_64-redhat-linux/4.8.5]
  collapse library dir [/usr/lib/gcc/x86_64-redhat-linux/4.8.5/../../../../lib64] ==> [/usr/lib64]
  collapse library dir [/lib/../lib64] ==> [/lib64]
  collapse library dir [/usr/lib/../lib64] ==> [/usr/lib64]
  collapse library dir [/usr/local/depot/ipx-1.0.2/lib] ==> [/usr/local/depot/ipx-1.0.2/lib]
  collapse library dir [/usr/local/lib] ==> [/usr/local/lib]
  collapse library dir [/usr/lib/gcc/x86_64-redhat-linux/4.8.5/../../..] ==> [/usr/lib]
  collapse library dir [/lib64] ==> [/lib64]
  collapse library dir [/lib] ==> [/lib]
  collapse library dir [/usr/lib64] ==> [/usr/lib64]
  collapse library dir [/usr/lib] ==> [/usr/lib]
  implicit libs: [ifport;ifcore;imf;svml;m;ipgo;intlc;pthread;c;irc_s;dl;c]
  implicit dirs: [/usr/local/depot/ipx-1.0.2/lib;/usr/local/lib;/usr/local/depot/INTEL/intel/composerxe-2011.1.107/compiler/lib/intel64;/usr/lib/gcc/x86_64-redhat-linux/4.8.5;/usr/lib64;/lib64;/usr/lib;/lib]
  implicit fwks: []


Determining if the Fortran compiler supports Fortran 90 passed with the following output:
Change Dir: /home/dsamadd/ipsframework-code/build/CMakeFiles/CMakeTmp

Run Build Command:/bin/gmake "cmTryCompileExec867262263/fast"
/bin/gmake -f CMakeFiles/cmTryCompileExec867262263.dir/build.make CMakeFiles/cmTryCompileExec867262263.dir/build
gmake[1]: Entering directory `/home/dsamadd/ipsframework-code/build/CMakeFiles/CMakeTmp'
/usr/bin/cmake -E cmake_progress_report /home/dsamadd/ipsframework-code/build/CMakeFiles/CMakeTmp/CMakeFiles 1
Building Fortran object CMakeFiles/cmTryCompileExec867262263.dir/testFortranCompilerF90.f90.o
/usr/local/depot/INTEL/intel/composerxe-2011.1.107/bin/intel64/ifort    -c /home/dsamadd/ipsframework-code/build/CMakeFiles/CMakeTmp/testFortranCompilerF90.f90 -o CMakeFiles/cmTryCompileExec867262263.dir/testFortranCompilerF90.f90.o
Linking Fortran executable cmTryCompileExec867262263
/usr/bin/cmake -E cmake_link_script CMakeFiles/cmTryCompileExec867262263.dir/link.txt --verbose=1
/usr/local/depot/INTEL/intel/composerxe-2011.1.107/bin/intel64/ifort       CMakeFiles/cmTryCompileExec867262263.dir/testFortranCompilerF90.f90.o  -o cmTryCompileExec867262263 -i_dynamic 
gmake[1]: Leaving directory `/home/dsamadd/ipsframework-code/build/CMakeFiles/CMakeTmp'


Performing C SOURCE FILE Test SSE2_COMPILES succeded with the following output:
Change Dir: /home/dsamadd/ipsframework-code/build/CMakeFiles/CMakeTmp

Run Build Command:/bin/gmake "cmTryCompileExec3097884755/fast"
/bin/gmake -f CMakeFiles/cmTryCompileExec3097884755.dir/build.make CMakeFiles/cmTryCompileExec3097884755.dir/build
gmake[1]: Entering directory `/home/dsamadd/ipsframework-code/build/CMakeFiles/CMakeTmp'
/usr/bin/cmake -E cmake_progress_report /home/dsamadd/ipsframework-code/build/CMakeFiles/CMakeTmp/CMakeFiles 1
Building C object CMakeFiles/cmTryCompileExec3097884755.dir/src.c.o
/bin/cc   -DSSE2_COMPILES  -msse2   -o CMakeFiles/cmTryCompileExec3097884755.dir/src.c.o   -c /home/dsamadd/ipsframework-code/build/CMakeFiles/CMakeTmp/src.c
Linking C executable cmTryCompileExec3097884755
/usr/bin/cmake -E cmake_link_script CMakeFiles/cmTryCompileExec3097884755.dir/link.txt --verbose=1
/bin/cc   -DSSE2_COMPILES  -msse2    CMakeFiles/cmTryCompileExec3097884755.dir/src.c.o  -o cmTryCompileExec3097884755 -rdynamic 
gmake[1]: Leaving directory `/home/dsamadd/ipsframework-code/build/CMakeFiles/CMakeTmp'

Source file was:

#include <emmintrin.h>
int main(int argc, char** argv) {
  double a[2] = {1.0, 2.0};
  __m128d t = _mm_loadu_pd(a);
  return 0;
}

Performing C SOURCE FILE Test SSE2_RUNS succeded with the following output:
Change Dir: /home/dsamadd/ipsframework-code/build/CMakeFiles/CMakeTmp

Run Build Command:/bin/gmake "cmTryCompileExec1520619359/fast"
/bin/gmake -f CMakeFiles/cmTryCompileExec1520619359.dir/build.make CMakeFiles/cmTryCompileExec1520619359.dir/build
gmake[1]: Entering directory `/home/dsamadd/ipsframework-code/build/CMakeFiles/CMakeTmp'
/usr/bin/cmake -E cmake_progress_report /home/dsamadd/ipsframework-code/build/CMakeFiles/CMakeTmp/CMakeFiles 1
Building C object CMakeFiles/cmTryCompileExec1520619359.dir/src.c.o
/bin/cc   -DSSE2_RUNS  -msse2   -o CMakeFiles/cmTryCompileExec1520619359.dir/src.c.o   -c /home/dsamadd/ipsframework-code/build/CMakeFiles/CMakeTmp/src.c
Linking C executable cmTryCompileExec1520619359
/usr/bin/cmake -E cmake_link_script CMakeFiles/cmTryCompileExec1520619359.dir/link.txt --verbose=1
/bin/cc   -DSSE2_RUNS  -msse2    CMakeFiles/cmTryCompileExec1520619359.dir/src.c.o  -o cmTryCompileExec1520619359 -rdynamic 
gmake[1]: Leaving directory `/home/dsamadd/ipsframework-code/build/CMakeFiles/CMakeTmp'

Return value: 1
Source file was:

#include <emmintrin.h>
int main(int argc, char** argv) {
  double a[2] = {1.0, 2.0};
  __m128d t = _mm_loadu_pd(a);
  return 0;
}

Performing C SOURCE FILE Test AVX_COMPILES succeded with the following output:
Change Dir: /home/dsamadd/ipsframework-code/build/CMakeFiles/CMakeTmp

Run Build Command:/bin/gmake "cmTryCompileExec3020018627/fast"
/bin/gmake -f CMakeFiles/cmTryCompileExec3020018627.dir/build.make CMakeFiles/cmTryCompileExec3020018627.dir/build
gmake[1]: Entering directory `/home/dsamadd/ipsframework-code/build/CMakeFiles/CMakeTmp'
/usr/bin/cmake -E cmake_progress_report /home/dsamadd/ipsframework-code/build/CMakeFiles/CMakeTmp/CMakeFiles 1
Building C object CMakeFiles/cmTryCompileExec3020018627.dir/src.c.o
/bin/cc   -DAVX_COMPILES  -mavx   -o CMakeFiles/cmTryCompileExec3020018627.dir/src.c.o   -c /home/dsamadd/ipsframework-code/build/CMakeFiles/CMakeTmp/src.c
Linking C executable cmTryCompileExec3020018627
/usr/bin/cmake -E cmake_link_script CMakeFiles/cmTryCompileExec3020018627.dir/link.txt --verbose=1
/bin/cc   -DAVX_COMPILES  -mavx    CMakeFiles/cmTryCompileExec3020018627.dir/src.c.o  -o cmTryCompileExec3020018627 -rdynamic 
gmake[1]: Leaving directory `/home/dsamadd/ipsframework-code/build/CMakeFiles/CMakeTmp'

Source file was:

#include <immintrin.h>
int main(int argc, char** argv) {
  double a[4] = {1.0, 2.0, 3.0, 4.0};
  __m256d t = _mm256_loadu_pd(a);
  return 0;
}

Performing C SOURCE FILE Test AVX_RUNS succeded with the following output:
Change Dir: /home/dsamadd/ipsframework-code/build/CMakeFiles/CMakeTmp

Run Build Command:/bin/gmake "cmTryCompileExec1682367032/fast"
/bin/gmake -f CMakeFiles/cmTryCompileExec1682367032.dir/build.make CMakeFiles/cmTryCompileExec1682367032.dir/build
gmake[1]: Entering directory `/home/dsamadd/ipsframework-code/build/CMakeFiles/CMakeTmp'
/usr/bin/cmake -E cmake_progress_report /home/dsamadd/ipsframework-code/build/CMakeFiles/CMakeTmp/CMakeFiles 1
Building C object CMakeFiles/cmTryCompileExec1682367032.dir/src.c.o
/bin/cc   -DAVX_RUNS  -mavx   -o CMakeFiles/cmTryCompileExec1682367032.dir/src.c.o   -c /home/dsamadd/ipsframework-code/build/CMakeFiles/CMakeTmp/src.c
Linking C executable cmTryCompileExec1682367032
/usr/bin/cmake -E cmake_link_script CMakeFiles/cmTryCompileExec1682367032.dir/link.txt --verbose=1
/bin/cc   -DAVX_RUNS  -mavx    CMakeFiles/cmTryCompileExec1682367032.dir/src.c.o  -o cmTryCompileExec1682367032 -rdynamic 
gmake[1]: Leaving directory `/home/dsamadd/ipsframework-code/build/CMakeFiles/CMakeTmp'

Return value: 1
Source file was:

#include <immintrin.h>
int main(int argc, char** argv) {
  double a[4] = {1.0, 2.0, 3.0, 4.0};
  __m256d t = _mm256_loadu_pd(a);
  return 0;
}

Performing C++ SOURCE FILE Test AVX2_COMPILES succeded with the following output:
Change Dir: /home/dsamadd/ipsframework-code/build/CMakeFiles/CMakeTmp

Run Build Command:/bin/gmake "cmTryCompileExec2038133540/fast"
/bin/gmake -f CMakeFiles/cmTryCompileExec2038133540.dir/build.make CMakeFiles/cmTryCompileExec2038133540.dir/build
gmake[1]: Entering directory `/home/dsamadd/ipsframework-code/build/CMakeFiles/CMakeTmp'
/usr/bin/cmake -E cmake_progress_report /home/dsamadd/ipsframework-code/build/CMakeFiles/CMakeTmp/CMakeFiles 1
Building CXX object CMakeFiles/cmTryCompileExec2038133540.dir/src.cxx.o
/bin/c++    -pipe  -std=c++11 -Wno-deprecated-declarations -Werror=return-type -DAVX2_COMPILES  -mavx -mavx2   -o CMakeFiles/cmTryCompileExec2038133540.dir/src.cxx.o -c /home/dsamadd/ipsframework-code/build/CMakeFiles/CMakeTmp/src.cxx
Linking CXX executable cmTryCompileExec2038133540
/usr/bin/cmake -E cmake_link_script CMakeFiles/cmTryCompileExec2038133540.dir/link.txt --verbose=1
/bin/c++   -pipe  -std=c++11 -Wno-deprecated-declarations -Werror=return-type -DAVX2_COMPILES  -mavx -mavx2    CMakeFiles/cmTryCompileExec2038133540.dir/src.cxx.o  -o cmTryCompileExec2038133540 -rdynamic 
gmake[1]: Leaving directory `/home/dsamadd/ipsframework-code/build/CMakeFiles/CMakeTmp'

Source file was:

#include <immintrin.h>
int main(int argc, char** argv) {
  double a[4] = {1.0, 2.0, 3.0, 4.0};
  __m128i vindex = _mm_set_epi32(0, 2, 1, 3);
  __m256d t = _mm256_i32gather_pd(a, vindex, 8);
  return 0;
}

Performing C++ SOURCE FILE Test AVX2_RUNS succeded with the following output:
Change Dir: /home/dsamadd/ipsframework-code/build/CMakeFiles/CMakeTmp

Run Build Command:/bin/gmake "cmTryCompileExec1283685878/fast"
/bin/gmake -f CMakeFiles/cmTryCompileExec1283685878.dir/build.make CMakeFiles/cmTryCompileExec1283685878.dir/build
gmake[1]: Entering directory `/home/dsamadd/ipsframework-code/build/CMakeFiles/CMakeTmp'
/usr/bin/cmake -E cmake_progress_report /home/dsamadd/ipsframework-code/build/CMakeFiles/CMakeTmp/CMakeFiles 1
Building CXX object CMakeFiles/cmTryCompileExec1283685878.dir/src.cxx.o
/bin/c++    -pipe  -std=c++11 -Wno-deprecated-declarations -Werror=return-type -DAVX2_RUNS  -mavx -mavx2   -o CMakeFiles/cmTryCompileExec1283685878.dir/src.cxx.o -c /home/dsamadd/ipsframework-code/build/CMakeFiles/CMakeTmp/src.cxx
Linking CXX executable cmTryCompileExec1283685878
/usr/bin/cmake -E cmake_link_script CMakeFiles/cmTryCompileExec1283685878.dir/link.txt --verbose=1
/bin/c++   -pipe  -std=c++11 -Wno-deprecated-declarations -Werror=return-type -DAVX2_RUNS  -mavx -mavx2    CMakeFiles/cmTryCompileExec1283685878.dir/src.cxx.o  -o cmTryCompileExec1283685878 -rdynamic 
gmake[1]: Leaving directory `/home/dsamadd/ipsframework-code/build/CMakeFiles/CMakeTmp'

Return value: 1
Source file was:

#include <immintrin.h>
int main(int argc, char** argv) {
  double a[4] = {1.0, 2.0, 3.0, 4.0};
  __m128i vindex = _mm_set_epi32(0, 2, 1, 3);
  __m256d t = _mm256_i32gather_pd(a, vindex, 8);
  return 0;
}

