December 22 2022   1:11:20.074 PM
 
FEM2D_HEAT
  FORTRAN90 version:
 
  Solution of the time dependent heat equation
  on a unit box in 2 dimensions.
 
  Ut - Uxx - Uyy = F(x,y,t) in the box
        U(x,y,t) = G(x,y,t) for (x,y) on the boundary.
        U(x,y,t) = H(x,y,t) for t = T_INIT.
 
  The finite element method is used, with piecewise
  quadratic basis functions on 6 node triangular
  elements.
 
  The backward Euler formula is used for 
  the time derivative.
 
  The corner nodes of the triangles are generated by an
  underlying grid whose dimensions are
 
  NX =                              100
  NY =                              100
 
  Number of nodes =               39601
  Number of elements =            19602
  The matrix half bandwidth is      398
  The matrix row size is           1195
 
FEM2D_HEAT:
  Wrote an ASCII node file
    "nodes.txt"
  of the form
    X(I), Y(I)
  which can be used for plotting.
 
FEM2D_HEAT:
  Wrote an ASCII element file
    "elements.txt"
  of the form
    Node(1) Node(2) Node(3) Node(4) Node(5) Node(6)
  which can be used for plotting.
 slice is                    4 for input4                                                                                                                               
 
  Initial time =    6.20000    
  Final time =      8.20000    
  Step size =      0.100000    
  Number of steps =       20
 
     Time        L2 Error       H1 Error
 
   6.30000      0.151961E-04  0.675160E-04
   6.40000      0.655432E-05  0.291224E-04
   6.50000      0.351099E-05  0.156025E-04
   6.60000      0.236326E-05  0.105040E-04
   6.70000      0.186479E-05  0.828951E-05
   6.80000      0.159534E-05  0.709217E-05
   6.90000      0.141259E-05  0.627991E-05
   7.00000      0.126776E-05  0.563612E-05
   7.10000      0.114362E-05  0.508424E-05
   7.20000      0.103361E-05  0.459519E-05
   7.30000      0.934856E-06  0.415614E-05
   7.40000      0.845760E-06  0.376004E-05
   7.50000      0.765230E-06  0.340203E-05
   7.60000      0.692394E-06  0.307822E-05
   7.70000      0.626499E-06  0.278526E-05
   7.80000      0.566878E-06  0.252020E-05
   7.90000      0.512932E-06  0.228037E-05
   8.00000      0.464120E-06  0.206336E-05
   8.10000      0.419953E-06  0.186701E-05
   8.20000      0.379989E-06  0.168934E-05
 
FEM2D_HEAT:
  Normal end of execution.
 
December 22 2022   1:16:42.645 PM
 Time for run is   321.29156699999999     
