December 22 2022   1:16:43.031 PM
 
FEM2D_HEAT
  FORTRAN90 version:
 
  Solution of the time dependent heat equation
  on a unit box in 2 dimensions.
 
  Ut - Uxx - Uyy = F(x,y,t) in the box
        U(x,y,t) = G(x,y,t) for (x,y) on the boundary.
        U(x,y,t) = H(x,y,t) for t = T_INIT.
 
  The finite element method is used, with piecewise
  quadratic basis functions on 6 node triangular
  elements.
 
  The backward Euler formula is used for 
  the time derivative.
 
  The corner nodes of the triangles are generated by an
  underlying grid whose dimensions are
 
  NX =                              100
  NY =                              100
 
  Number of nodes =               39601
  Number of elements =            19602
  The matrix half bandwidth is      398
  The matrix row size is           1195
 
FEM2D_HEAT:
  Wrote an ASCII node file
    "nodes.txt"
  of the form
    X(I), Y(I)
  which can be used for plotting.
 
FEM2D_HEAT:
  Wrote an ASCII element file
    "elements.txt"
  of the form
    Node(1) Node(2) Node(3) Node(4) Node(5) Node(6)
  which can be used for plotting.
 slice is                    4 for input4                                                                                                                               
 
  Initial time =    6.20000    
  Final time =      8.20000    
  Step size =      0.100000    
  Number of steps =       20
 
     Time        L2 Error       H1 Error
 
   6.30000      0.231964E-05  0.103139E-04
   6.40000      0.222451E-05  0.989007E-05
   6.50000      0.205506E-05  0.913644E-05
   6.60000      0.187370E-05  0.833006E-05
   6.70000      0.170017E-05  0.755855E-05
   6.80000      0.153998E-05  0.684639E-05
   6.90000      0.139397E-05  0.619727E-05
   7.00000      0.126150E-05  0.560833E-05
   7.10000      0.114151E-05  0.507489E-05
   7.20000      0.103291E-05  0.459205E-05
   7.30000      0.934618E-06  0.415509E-05
   7.40000      0.845680E-06  0.375969E-05
   7.50000      0.765203E-06  0.340191E-05
   7.60000      0.692385E-06  0.307818E-05
   7.70000      0.626496E-06  0.278525E-05
   7.80000      0.566877E-06  0.252020E-05
   7.90000      0.512931E-06  0.228037E-05
   8.00000      0.464120E-06  0.206336E-05
   8.10000      0.419953E-06  0.186701E-05
   8.20000      0.379989E-06  0.168934E-05
 
FEM2D_HEAT:
  Normal end of execution.
 
December 22 2022   1:22:05.568 PM
 Time for run is   321.26477999999997     
