December 22 2022   1:12:54.945 PM
 
FEM2D_HEAT
  FORTRAN90 version:
 
  Solution of the time dependent heat equation
  on a unit box in 2 dimensions.
 
  Ut - Uxx - Uyy = F(x,y,t) in the box
        U(x,y,t) = G(x,y,t) for (x,y) on the boundary.
        U(x,y,t) = H(x,y,t) for t = T_INIT.
 
  The finite element method is used, with piecewise
  quadratic basis functions on 6 node triangular
  elements.
 
  The backward Euler formula is used for 
  the time derivative.
 
  The corner nodes of the triangles are generated by an
  underlying grid whose dimensions are
 
  NX =                              100
  NY =                              100
 
  Number of nodes =               39601
  Number of elements =            19602
  The matrix half bandwidth is      398
  The matrix row size is           1195
 
FEM2D_HEAT:
  Wrote an ASCII node file
    "nodes.txt"
  of the form
    X(I), Y(I)
  which can be used for plotting.
 
FEM2D_HEAT:
  Wrote an ASCII element file
    "elements.txt"
  of the form
    Node(1) Node(2) Node(3) Node(4) Node(5) Node(6)
  which can be used for plotting.
 slice is                    3 for input3                                                                                                                               
 
  Initial time =    4.20000    
  Final time =      6.20000    
  Step size =      0.100000    
  Number of steps =       20
 
     Time        L2 Error       H1 Error
 
   4.30000      0.171937E-04  0.764483E-04
   4.40000      0.164551E-04  0.731585E-04
   4.50000      0.151910E-04  0.675367E-04
   4.60000      0.138469E-04  0.615603E-04
   4.70000      0.125633E-04  0.558536E-04
   4.80000      0.113792E-04  0.505894E-04
   4.90000      0.103002E-04  0.457923E-04
   5.00000      0.932132E-05  0.414404E-04
   5.10000      0.843472E-05  0.374987E-04
   5.20000      0.763220E-05  0.339309E-04
   5.30000      0.690595E-05  0.307022E-04
   5.40000      0.624877E-05  0.277805E-04
   5.50000      0.565413E-05  0.251369E-04
   5.60000      0.511607E-05  0.227448E-04
   5.70000      0.462921E-05  0.205804E-04
   5.80000      0.418869E-05  0.186219E-04
   5.90000      0.379008E-05  0.168498E-04
   6.00000      0.342941E-05  0.152463E-04
   6.10000      0.310305E-05  0.137954E-04
   6.20000      0.280776E-05  0.124826E-04
 
FEM2D_HEAT:
  Normal end of execution.
 
December 22 2022   1:18:16.545 PM
 Time for run is   320.31016700000004     
