December 22 2022   1:00:34.048 PM
 
FEM2D_HEAT
  FORTRAN90 version:
 
  Solution of the time dependent heat equation
  on a unit box in 2 dimensions.
 
  Ut - Uxx - Uyy = F(x,y,t) in the box
        U(x,y,t) = G(x,y,t) for (x,y) on the boundary.
        U(x,y,t) = H(x,y,t) for t = T_INIT.
 
  The finite element method is used, with piecewise
  quadratic basis functions on 6 node triangular
  elements.
 
  The backward Euler formula is used for 
  the time derivative.
 
  The corner nodes of the triangles are generated by an
  underlying grid whose dimensions are
 
  NX =                              100
  NY =                              100
 
  Number of nodes =               39601
  Number of elements =            19602
  The matrix half bandwidth is      398
  The matrix row size is           1195
 
FEM2D_HEAT:
  Wrote an ASCII node file
    "nodes.txt"
  of the form
    X(I), Y(I)
  which can be used for plotting.
 
FEM2D_HEAT:
  Wrote an ASCII element file
    "elements.txt"
  of the form
    Node(1) Node(2) Node(3) Node(4) Node(5) Node(6)
  which can be used for plotting.
 slice is                    2 for input2                                                                                                                               
 
  Initial time =    2.20000    
  Final time =      4.20000    
  Step size =      0.100000    
  Number of steps =       20
 
     Time        L2 Error       H1 Error
 
   2.30000      0.817693E-03  0.363298E-02
   2.40000      0.353823E-03  0.157212E-02
   2.50000      0.190338E-03  0.845844E-03
   2.60000      0.128574E-03  0.571476E-03
   2.70000      0.101661E-03  0.451911E-03
   2.80000      0.870508E-04  0.386991E-03
   2.90000      0.771073E-04  0.342795E-03
   3.00000      0.692115E-04  0.307696E-03
   3.10000      0.624375E-04  0.277581E-03
   3.20000      0.564327E-04  0.250886E-03
   3.30000      0.510412E-04  0.226917E-03
   3.40000      0.461768E-04  0.205291E-03
   3.50000      0.417801E-04  0.185744E-03
   3.60000      0.378034E-04  0.168065E-03
   3.70000      0.342057E-04  0.152070E-03
   3.80000      0.309505E-04  0.137598E-03
   3.90000      0.280051E-04  0.124504E-03
   4.00000      0.253401E-04  0.112656E-03
   4.10000      0.229286E-04  0.101935E-03
   4.20000      0.207467E-04  0.922348E-04
 
FEM2D_HEAT:
  Normal end of execution.
 
December 22 2022   1:05:56.737 PM
 Time for run is   321.41776900000002     
