December 22 2022   1:05:18.595 PM
 
FEM2D_HEAT
  FORTRAN90 version:
 
  Solution of the time dependent heat equation
  on a unit box in 2 dimensions.
 
  Ut - Uxx - Uyy = F(x,y,t) in the box
        U(x,y,t) = G(x,y,t) for (x,y) on the boundary.
        U(x,y,t) = H(x,y,t) for t = T_INIT.
 
  The finite element method is used, with piecewise
  quadratic basis functions on 6 node triangular
  elements.
 
  The backward Euler formula is used for 
  the time derivative.
 
  The corner nodes of the triangles are generated by an
  underlying grid whose dimensions are
 
  NX =                              100
  NY =                              100
 
  Number of nodes =               39601
  Number of elements =            19602
  The matrix half bandwidth is      398
  The matrix row size is           1195
 
FEM2D_HEAT:
  Wrote an ASCII node file
    "nodes.txt"
  of the form
    X(I), Y(I)
  which can be used for plotting.
 
FEM2D_HEAT:
  Wrote an ASCII element file
    "elements.txt"
  of the form
    Node(1) Node(2) Node(3) Node(4) Node(5) Node(6)
  which can be used for plotting.
 slice is                    3 for input3                                                                                                                               
 
  Initial time =    4.20000    
  Final time =      6.20000    
  Step size =      0.100000    
  Number of steps =       20
 
     Time        L2 Error       H1 Error
 
   4.30000      0.112258E-03  0.498758E-03
   4.40000      0.484211E-04  0.215146E-03
   4.50000      0.259398E-04  0.115274E-03
   4.60000      0.174612E-04  0.776102E-04
   4.70000      0.137787E-04  0.612501E-04
   4.80000      0.117879E-04  0.524039E-04
   4.90000      0.104376E-04  0.464024E-04
   5.00000      0.936753E-05  0.416455E-04
   5.10000      0.845026E-05  0.375677E-04
   5.20000      0.763742E-05  0.339541E-04
   5.30000      0.690770E-05  0.307100E-04
   5.40000      0.624937E-05  0.277832E-04
   5.50000      0.565433E-05  0.251378E-04
   5.60000      0.511614E-05  0.227451E-04
   5.70000      0.462924E-05  0.205805E-04
   5.80000      0.418869E-05  0.186219E-04
   5.90000      0.379008E-05  0.168498E-04
   6.00000      0.342941E-05  0.152463E-04
   6.10000      0.310305E-05  0.137954E-04
   6.20000      0.280776E-05  0.124826E-04
 
FEM2D_HEAT:
  Normal end of execution.
 
December 22 2022   1:10:41.249 PM
 Time for run is   321.38646199999999     
